This is pdfTeX, Version 3.14159265-2.6-1.40.20 (TeX Live 2019/Debian) (preloaded format=pdflatex 2021.1.15)  11 MAY 2022 23:23
entering extended mode
 restricted \write18 enabled.
 %&-line parsing enabled.
**obrona_prezentacja_kuczmarski_tomasz.tex
(./obrona_prezentacja_kuczmarski_tomasz.tex
LaTeX2e <2020-02-02> patch level 2
L3 programming layer <2020-02-14>
(/usr/share/texlive/texmf-dist/tex/latex/beamer/beamer.cls
Document Class: beamer 2019/09/29 v3.57 A class for typesetting presentations
(/usr/share/texlive/texmf-dist/tex/latex/beamer/beamerbasemodes.sty
(/usr/share/texlive/texmf-dist/tex/latex/etoolbox/etoolbox.sty
Package: etoolbox 2019/09/21 v2.5h e-TeX tools for LaTeX (JAW)
\etb@tempcnta=\count167
)
\beamer@tempbox=\box45
\beamer@tempcount=\count168
\c@beamerpauses=\count169

(/usr/share/texlive/texmf-dist/tex/latex/beamer/beamerbasedecode.sty
\beamer@slideinframe=\count170
\beamer@minimum=\count171
\beamer@decode@box=\box46
)
\beamer@commentbox=\box47
\beamer@modecount=\count172
)
(/usr/share/texlive/texmf-dist/tex/generic/iftex/ifpdf.sty
Package: ifpdf 2019/10/25 v3.4 ifpdf legacy package. Use iftex instead.

(/usr/share/texlive/texmf-dist/tex/generic/iftex/iftex.sty
Package: iftex 2019/11/07 v1.0c TeX engine tests
))
\headdp=\dimen134
\footheight=\dimen135
\sidebarheight=\dimen136
\beamer@tempdim=\dimen137
\beamer@finalheight=\dimen138
\beamer@animht=\dimen139
\beamer@animdp=\dimen140
\beamer@animwd=\dimen141
\beamer@leftmargin=\dimen142
\beamer@rightmargin=\dimen143
\beamer@leftsidebar=\dimen144
\beamer@rightsidebar=\dimen145
\beamer@boxsize=\dimen146
\beamer@vboxoffset=\dimen147
\beamer@descdefault=\dimen148
\beamer@descriptionwidth=\dimen149
\beamer@lastskip=\skip47
\beamer@areabox=\box48
\beamer@animcurrent=\box49
\beamer@animshowbox=\box50
\beamer@sectionbox=\box51
\beamer@logobox=\box52
\beamer@linebox=\box53
\beamer@sectioncount=\count173
\beamer@subsubsectionmax=\count174
\beamer@subsectionmax=\count175
\beamer@sectionmax=\count176
\beamer@totalheads=\count177
\beamer@headcounter=\count178
\beamer@partstartpage=\count179
\beamer@sectionstartpage=\count180
\beamer@subsectionstartpage=\count181
\beamer@animationtempa=\count182
\beamer@animationtempb=\count183
\beamer@xpos=\count184
\beamer@ypos=\count185
\beamer@ypos@offset=\count186
\beamer@showpartnumber=\count187
\beamer@currentsubsection=\count188
\beamer@coveringdepth=\count189
\beamer@sectionadjust=\count190
\beamer@tocsectionnumber=\count191

(/usr/share/texlive/texmf-dist/tex/latex/beamer/beamerbaseoptions.sty
(/usr/share/texlive/texmf-dist/tex/latex/graphics/keyval.sty
Package: keyval 2014/10/28 v1.15 key=value parser (DPC)
\KV@toks@=\toks14
))
\beamer@paperwidth=\skip48
\beamer@paperheight=\skip49

(/usr/share/texlive/texmf-dist/tex/latex/geometry/geometry.sty
Package: geometry 2020/01/02 v5.9 Page Geometry

(/usr/share/texlive/texmf-dist/tex/generic/iftex/ifvtex.sty
Package: ifvtex 2019/10/25 v1.7 ifvtex legacy package. Use iftex instead.
)
\Gm@cnth=\count192
\Gm@cntv=\count193
\c@Gm@tempcnt=\count194
\Gm@bindingoffset=\dimen150
\Gm@wd@mp=\dimen151
\Gm@odd@mp=\dimen152
\Gm@even@mp=\dimen153
\Gm@layoutwidth=\dimen154
\Gm@layoutheight=\dimen155
\Gm@layouthoffset=\dimen156
\Gm@layoutvoffset=\dimen157
\Gm@dimlist=\toks15
)
(/usr/share/texlive/texmf-dist/tex/latex/extsizes/size9.clo
File: size9.clo 1999/11/11 v1.4a NON-Standard LaTeX file (size option)
)
(/usr/share/texlive/texmf-dist/tex/latex/pgf/basiclayer/pgfcore.sty
(/usr/share/texlive/texmf-dist/tex/latex/graphics/graphicx.sty
Package: graphicx 2019/11/30 v1.2a Enhanced LaTeX Graphics (DPC,SPQR)

(/usr/share/texlive/texmf-dist/tex/latex/graphics/graphics.sty
Package: graphics 2019/11/30 v1.4a Standard LaTeX Graphics (DPC,SPQR)

(/usr/share/texlive/texmf-dist/tex/latex/graphics/trig.sty
Package: trig 2016/01/03 v1.10 sin cos tan (DPC)
)
(/usr/share/texlive/texmf-dist/tex/latex/graphics-cfg/graphics.cfg
File: graphics.cfg 2016/06/04 v1.11 sample graphics configuration
)
Package graphics Info: Driver file: pdftex.def on input line 105.

(/usr/share/texlive/texmf-dist/tex/latex/graphics-def/pdftex.def
File: pdftex.def 2018/01/08 v1.0l Graphics/color driver for pdftex
))
\Gin@req@height=\dimen158
\Gin@req@width=\dimen159
)
(/usr/share/texlive/texmf-dist/tex/latex/pgf/systemlayer/pgfsys.sty
(/usr/share/texlive/texmf-dist/tex/latex/pgf/utilities/pgfrcs.sty
(/usr/share/texlive/texmf-dist/tex/generic/pgf/utilities/pgfutil-common.tex
\pgfutil@everybye=\toks16
\pgfutil@tempdima=\dimen160
\pgfutil@tempdimb=\dimen161

(/usr/share/texlive/texmf-dist/tex/generic/pgf/utilities/pgfutil-common-lists.t
ex)) (/usr/share/texlive/texmf-dist/tex/generic/pgf/utilities/pgfutil-latex.def
\pgfutil@abb=\box54
(/usr/share/texlive/texmf-dist/tex/latex/ms/everyshi.sty
Package: everyshi 2001/05/15 v3.00 EveryShipout Package (MS)
))
(/usr/share/texlive/texmf-dist/tex/generic/pgf/utilities/pgfrcs.code.tex
(/usr/share/texlive/texmf-dist/tex/generic/pgf/pgf.revision.tex)
Package: pgfrcs 2020/01/08 v3.1.5b (3.1.5b)
))
(/usr/share/texlive/texmf-dist/tex/generic/pgf/systemlayer/pgfsys.code.tex
Package: pgfsys 2020/01/08 v3.1.5b (3.1.5b)

(/usr/share/texlive/texmf-dist/tex/generic/pgf/utilities/pgfkeys.code.tex
\pgfkeys@pathtoks=\toks17
\pgfkeys@temptoks=\toks18

(/usr/share/texlive/texmf-dist/tex/generic/pgf/utilities/pgfkeysfiltered.code.t
ex
\pgfkeys@tmptoks=\toks19
))
\pgf@x=\dimen162
\pgf@y=\dimen163
\pgf@xa=\dimen164
\pgf@ya=\dimen165
\pgf@xb=\dimen166
\pgf@yb=\dimen167
\pgf@xc=\dimen168
\pgf@yc=\dimen169
\pgf@xd=\dimen170
\pgf@yd=\dimen171
\w@pgf@writea=\write3
\r@pgf@reada=\read2
\c@pgf@counta=\count195
\c@pgf@countb=\count196
\c@pgf@countc=\count197
\c@pgf@countd=\count198
\t@pgf@toka=\toks20
\t@pgf@tokb=\toks21
\t@pgf@tokc=\toks22
\pgf@sys@id@count=\count199
 (/usr/share/texlive/texmf-dist/tex/generic/pgf/systemlayer/pgf.cfg
File: pgf.cfg 2020/01/08 v3.1.5b (3.1.5b)
)
Driver file for pgf: pgfsys-pdftex.def

(/usr/share/texlive/texmf-dist/tex/generic/pgf/systemlayer/pgfsys-pdftex.def
File: pgfsys-pdftex.def 2020/01/08 v3.1.5b (3.1.5b)

(/usr/share/texlive/texmf-dist/tex/generic/pgf/systemlayer/pgfsys-common-pdf.de
f
File: pgfsys-common-pdf.def 2020/01/08 v3.1.5b (3.1.5b)
)))
(/usr/share/texlive/texmf-dist/tex/generic/pgf/systemlayer/pgfsyssoftpath.code.
tex
File: pgfsyssoftpath.code.tex 2020/01/08 v3.1.5b (3.1.5b)
\pgfsyssoftpath@smallbuffer@items=\count266
\pgfsyssoftpath@bigbuffer@items=\count267
)
(/usr/share/texlive/texmf-dist/tex/generic/pgf/systemlayer/pgfsysprotocol.code.
tex
File: pgfsysprotocol.code.tex 2020/01/08 v3.1.5b (3.1.5b)
)) (/usr/share/texlive/texmf-dist/tex/latex/xcolor/xcolor.sty
Package: xcolor 2016/05/11 v2.12 LaTeX color extensions (UK)

(/usr/share/texlive/texmf-dist/tex/latex/graphics-cfg/color.cfg
File: color.cfg 2016/01/02 v1.6 sample color configuration
)
Package xcolor Info: Driver file: pdftex.def on input line 225.
Package xcolor Info: Model `cmy' substituted by `cmy0' on input line 1348.
Package xcolor Info: Model `hsb' substituted by `rgb' on input line 1352.
Package xcolor Info: Model `RGB' extended on input line 1364.
Package xcolor Info: Model `HTML' substituted by `rgb' on input line 1366.
Package xcolor Info: Model `Hsb' substituted by `hsb' on input line 1367.
Package xcolor Info: Model `tHsb' substituted by `hsb' on input line 1368.
Package xcolor Info: Model `HSB' substituted by `hsb' on input line 1369.
Package xcolor Info: Model `Gray' substituted by `gray' on input line 1370.
Package xcolor Info: Model `wave' substituted by `hsb' on input line 1371.
)
(/usr/share/texlive/texmf-dist/tex/generic/pgf/basiclayer/pgfcore.code.tex
Package: pgfcore 2020/01/08 v3.1.5b (3.1.5b)

(/usr/share/texlive/texmf-dist/tex/generic/pgf/math/pgfmath.code.tex
(/usr/share/texlive/texmf-dist/tex/generic/pgf/math/pgfmathcalc.code.tex
(/usr/share/texlive/texmf-dist/tex/generic/pgf/math/pgfmathutil.code.tex)
(/usr/share/texlive/texmf-dist/tex/generic/pgf/math/pgfmathparser.code.tex
\pgfmath@dimen=\dimen172
\pgfmath@count=\count268
\pgfmath@box=\box55
\pgfmath@toks=\toks23
\pgfmath@stack@operand=\toks24
\pgfmath@stack@operation=\toks25
)
(/usr/share/texlive/texmf-dist/tex/generic/pgf/math/pgfmathfunctions.code.tex
(/usr/share/texlive/texmf-dist/tex/generic/pgf/math/pgfmathfunctions.basic.code
.tex)
(/usr/share/texlive/texmf-dist/tex/generic/pgf/math/pgfmathfunctions.trigonomet
ric.code.tex)
(/usr/share/texlive/texmf-dist/tex/generic/pgf/math/pgfmathfunctions.random.cod
e.tex)
(/usr/share/texlive/texmf-dist/tex/generic/pgf/math/pgfmathfunctions.comparison
.code.tex)
(/usr/share/texlive/texmf-dist/tex/generic/pgf/math/pgfmathfunctions.base.code.
tex)
(/usr/share/texlive/texmf-dist/tex/generic/pgf/math/pgfmathfunctions.round.code
.tex)
(/usr/share/texlive/texmf-dist/tex/generic/pgf/math/pgfmathfunctions.misc.code.
tex)
(/usr/share/texlive/texmf-dist/tex/generic/pgf/math/pgfmathfunctions.integerari
thmetics.code.tex)))
(/usr/share/texlive/texmf-dist/tex/generic/pgf/math/pgfmathfloat.code.tex
\c@pgfmathroundto@lastzeros=\count269
))
(/usr/share/texlive/texmf-dist/tex/generic/pgf/math/pgfint.code.tex)
(/usr/share/texlive/texmf-dist/tex/generic/pgf/basiclayer/pgfcorepoints.code.te
x
File: pgfcorepoints.code.tex 2020/01/08 v3.1.5b (3.1.5b)
\pgf@picminx=\dimen173
\pgf@picmaxx=\dimen174
\pgf@picminy=\dimen175
\pgf@picmaxy=\dimen176
\pgf@pathminx=\dimen177
\pgf@pathmaxx=\dimen178
\pgf@pathminy=\dimen179
\pgf@pathmaxy=\dimen180
\pgf@xx=\dimen181
\pgf@xy=\dimen182
\pgf@yx=\dimen183
\pgf@yy=\dimen184
\pgf@zx=\dimen185
\pgf@zy=\dimen186
)
(/usr/share/texlive/texmf-dist/tex/generic/pgf/basiclayer/pgfcorepathconstruct.
code.tex
File: pgfcorepathconstruct.code.tex 2020/01/08 v3.1.5b (3.1.5b)
\pgf@path@lastx=\dimen187
\pgf@path@lasty=\dimen188
)
(/usr/share/texlive/texmf-dist/tex/generic/pgf/basiclayer/pgfcorepathusage.code
.tex
File: pgfcorepathusage.code.tex 2020/01/08 v3.1.5b (3.1.5b)
\pgf@shorten@end@additional=\dimen189
\pgf@shorten@start@additional=\dimen190
)
(/usr/share/texlive/texmf-dist/tex/generic/pgf/basiclayer/pgfcorescopes.code.te
x
File: pgfcorescopes.code.tex 2020/01/08 v3.1.5b (3.1.5b)
\pgfpic=\box56
\pgf@hbox=\box57
\pgf@layerbox@main=\box58
\pgf@picture@serial@count=\count270
)
(/usr/share/texlive/texmf-dist/tex/generic/pgf/basiclayer/pgfcoregraphicstate.c
ode.tex
File: pgfcoregraphicstate.code.tex 2020/01/08 v3.1.5b (3.1.5b)
\pgflinewidth=\dimen191
)
(/usr/share/texlive/texmf-dist/tex/generic/pgf/basiclayer/pgfcoretransformation
s.code.tex
File: pgfcoretransformations.code.tex 2020/01/08 v3.1.5b (3.1.5b)
\pgf@pt@x=\dimen192
\pgf@pt@y=\dimen193
\pgf@pt@temp=\dimen194
)
(/usr/share/texlive/texmf-dist/tex/generic/pgf/basiclayer/pgfcorequick.code.tex
File: pgfcorequick.code.tex 2020/01/08 v3.1.5b (3.1.5b)
)
(/usr/share/texlive/texmf-dist/tex/generic/pgf/basiclayer/pgfcoreobjects.code.t
ex
File: pgfcoreobjects.code.tex 2020/01/08 v3.1.5b (3.1.5b)
)
(/usr/share/texlive/texmf-dist/tex/generic/pgf/basiclayer/pgfcorepathprocessing
.code.tex
File: pgfcorepathprocessing.code.tex 2020/01/08 v3.1.5b (3.1.5b)
)
(/usr/share/texlive/texmf-dist/tex/generic/pgf/basiclayer/pgfcorearrows.code.te
x
File: pgfcorearrows.code.tex 2020/01/08 v3.1.5b (3.1.5b)
\pgfarrowsep=\dimen195
)
(/usr/share/texlive/texmf-dist/tex/generic/pgf/basiclayer/pgfcoreshade.code.tex
File: pgfcoreshade.code.tex 2020/01/08 v3.1.5b (3.1.5b)
\pgf@max=\dimen196
\pgf@sys@shading@range@num=\count271
\pgf@shadingcount=\count272
)
(/usr/share/texlive/texmf-dist/tex/generic/pgf/basiclayer/pgfcoreimage.code.tex
File: pgfcoreimage.code.tex 2020/01/08 v3.1.5b (3.1.5b)

(/usr/share/texlive/texmf-dist/tex/generic/pgf/basiclayer/pgfcoreexternal.code.
tex
File: pgfcoreexternal.code.tex 2020/01/08 v3.1.5b (3.1.5b)
\pgfexternal@startupbox=\box59
))
(/usr/share/texlive/texmf-dist/tex/generic/pgf/basiclayer/pgfcorelayers.code.te
x
File: pgfcorelayers.code.tex 2020/01/08 v3.1.5b (3.1.5b)
)
(/usr/share/texlive/texmf-dist/tex/generic/pgf/basiclayer/pgfcoretransparency.c
ode.tex
File: pgfcoretransparency.code.tex 2020/01/08 v3.1.5b (3.1.5b)
)
(/usr/share/texlive/texmf-dist/tex/generic/pgf/basiclayer/pgfcorepatterns.code.
tex
File: pgfcorepatterns.code.tex 2020/01/08 v3.1.5b (3.1.5b)
)
(/usr/share/texlive/texmf-dist/tex/generic/pgf/basiclayer/pgfcorerdf.code.tex
File: pgfcorerdf.code.tex 2020/01/08 v3.1.5b (3.1.5b)
))) (/usr/share/texlive/texmf-dist/tex/latex/pgf/utilities/xxcolor.sty
Package: xxcolor 2003/10/24 ver 0.1
\XC@nummixins=\count273
\XC@countmixins=\count274
)
(/usr/share/texlive/texmf-dist/tex/generic/atbegshi/atbegshi.sty
Package: atbegshi 2019/12/05 v1.19 At begin shipout hook (HO)

(/usr/share/texlive/texmf-dist/tex/generic/infwarerr/infwarerr.sty
Package: infwarerr 2019/12/03 v1.5 Providing info/warning/error messages (HO)
)
(/usr/share/texlive/texmf-dist/tex/generic/ltxcmds/ltxcmds.sty
Package: ltxcmds 2019/12/15 v1.24 LaTeX kernel commands for general use (HO)
))
(/usr/share/texlive/texmf-dist/tex/latex/hyperref/hyperref.sty
Package: hyperref 2020/01/14 v7.00d Hypertext links for LaTeX

(/usr/share/texlive/texmf-dist/tex/latex/pdftexcmds/pdftexcmds.sty
Package: pdftexcmds 2019/11/24 v0.31 Utility functions of pdfTeX for LuaTeX (HO
)
Package pdftexcmds Info: \pdf@primitive is available.
Package pdftexcmds Info: \pdf@ifprimitive is available.
Package pdftexcmds Info: \pdfdraftmode found.
)
(/usr/share/texlive/texmf-dist/tex/generic/kvsetkeys/kvsetkeys.sty
Package: kvsetkeys 2019/12/15 v1.18 Key value parser (HO)
)
(/usr/share/texlive/texmf-dist/tex/generic/kvdefinekeys/kvdefinekeys.sty
Package: kvdefinekeys 2019-12-19 v1.6 Define keys (HO)
)
(/usr/share/texlive/texmf-dist/tex/generic/pdfescape/pdfescape.sty
Package: pdfescape 2019/12/09 v1.15 Implements pdfTeX's escape features (HO)
)
(/usr/share/texlive/texmf-dist/tex/latex/hycolor/hycolor.sty
Package: hycolor 2020-01-27 v1.10 Color options for hyperref/bookmark (HO)
)
(/usr/share/texlive/texmf-dist/tex/latex/letltxmacro/letltxmacro.sty
Package: letltxmacro 2019/12/03 v1.6 Let assignment for LaTeX macros (HO)
)
(/usr/share/texlive/texmf-dist/tex/latex/auxhook/auxhook.sty
Package: auxhook 2019-12-17 v1.6 Hooks for auxiliary files (HO)
)
(/usr/share/texlive/texmf-dist/tex/latex/kvoptions/kvoptions.sty
Package: kvoptions 2019/11/29 v3.13 Key value format for package options (HO)
)
\@linkdim=\dimen197
\Hy@linkcounter=\count275
\Hy@pagecounter=\count276

(/usr/share/texlive/texmf-dist/tex/latex/hyperref/pd1enc.def
File: pd1enc.def 2020/01/14 v7.00d Hyperref: PDFDocEncoding definition (HO)
Now handling font encoding PD1 ...
... no UTF-8 mapping file for font encoding PD1
)
(/usr/share/texlive/texmf-dist/tex/generic/intcalc/intcalc.sty
Package: intcalc 2019/12/15 v1.3 Expandable calculations with integers (HO)
)
(/usr/share/texlive/texmf-dist/tex/generic/etexcmds/etexcmds.sty
Package: etexcmds 2019/12/15 v1.7 Avoid name clashes with e-TeX commands (HO)
)
\Hy@SavedSpaceFactor=\count277
\pdfmajorversion=\count278
Package hyperref Info: Option `bookmarks' set `true' on input line 4421.
Package hyperref Info: Option `bookmarksopen' set `true' on input line 4421.
Package hyperref Info: Option `implicit' set `false' on input line 4421.
Package hyperref Info: Hyper figures OFF on input line 4547.
Package hyperref Info: Link nesting OFF on input line 4552.
Package hyperref Info: Hyper index ON on input line 4555.
Package hyperref Info: Plain pages OFF on input line 4562.
Package hyperref Info: Backreferencing OFF on input line 4567.
Package hyperref Info: Implicit mode OFF; no redefinition of LaTeX internals.
Package hyperref Info: Bookmarks ON on input line 4800.
\c@Hy@tempcnt=\count279

(/usr/share/texlive/texmf-dist/tex/latex/url/url.sty
\Urlmuskip=\muskip16
Package: url 2013/09/16  ver 3.4  Verb mode for urls, etc.
)
LaTeX Info: Redefining \url on input line 5159.
\XeTeXLinkMargin=\dimen198

(/usr/share/texlive/texmf-dist/tex/generic/bitset/bitset.sty
Package: bitset 2019/12/09 v1.3 Handle bit-vector datatype (HO)

(/usr/share/texlive/texmf-dist/tex/generic/bigintcalc/bigintcalc.sty
Package: bigintcalc 2019/12/15 v1.5 Expandable calculations on big integers (HO
)
))
\Fld@menulength=\count280
\Field@Width=\dimen199
\Fld@charsize=\dimen256
Package hyperref Info: Hyper figures OFF on input line 6430.
Package hyperref Info: Link nesting OFF on input line 6435.
Package hyperref Info: Hyper index ON on input line 6438.
Package hyperref Info: backreferencing OFF on input line 6445.
Package hyperref Info: Link coloring OFF on input line 6450.
Package hyperref Info: Link coloring with OCG OFF on input line 6455.
Package hyperref Info: PDF/A mode OFF on input line 6460.
LaTeX Info: Redefining \ref on input line 6500.
LaTeX Info: Redefining \pageref on input line 6504.
\Hy@abspage=\count281


Package hyperref Message: Stopped early.

)
Package hyperref Info: Driver (autodetected): hpdftex.
 (/usr/share/texlive/texmf-dist/tex/latex/hyperref/hpdftex.def
File: hpdftex.def 2020/01/14 v7.00d Hyperref driver for pdfTeX

(/usr/share/texlive/texmf-dist/tex/latex/atveryend/atveryend.sty
Package: atveryend 2019-12-11 v1.11 Hooks at the very end of document (HO)
)
\Fld@listcount=\count282
\c@bookmark@seq@number=\count283

(/usr/share/texlive/texmf-dist/tex/latex/rerunfilecheck/rerunfilecheck.sty
Package: rerunfilecheck 2019/12/05 v1.9 Rerun checks for auxiliary files (HO)

(/usr/share/texlive/texmf-dist/tex/generic/uniquecounter/uniquecounter.sty
Package: uniquecounter 2019/12/15 v1.4 Provide unlimited unique counter (HO)
)
Package uniquecounter Info: New unique counter `rerunfilecheck' on input line 2
86.
))
(/usr/share/texlive/texmf-dist/tex/latex/beamer/beamerbaserequires.sty
(/usr/share/texlive/texmf-dist/tex/latex/beamer/beamerbasecompatibility.sty)
(/usr/share/texlive/texmf-dist/tex/latex/beamer/beamerbasefont.sty
(/usr/share/texlive/texmf-dist/tex/latex/amsfonts/amssymb.sty
Package: amssymb 2013/01/14 v3.01 AMS font symbols

(/usr/share/texlive/texmf-dist/tex/latex/amsfonts/amsfonts.sty
Package: amsfonts 2013/01/14 v3.01 Basic AMSFonts support
\@emptytoks=\toks26
\symAMSa=\mathgroup4
\symAMSb=\mathgroup5
LaTeX Font Info:    Redeclaring math symbol \hbar on input line 98.
LaTeX Font Info:    Overwriting math alphabet `\mathfrak' in version `bold'
(Font)                  U/euf/m/n --> U/euf/b/n on input line 106.
))
(/usr/share/texlive/texmf-dist/tex/latex/sansmathaccent/sansmathaccent.sty
Package: sansmathaccent 2020/01/31

(/usr/share/texlive/texmf-dist/tex/latex/koma-script/scrlfile.sty
Package: scrlfile 2020/01/24 v3.29 KOMA-Script package (loading files)
)))
(/usr/share/texlive/texmf-dist/tex/latex/beamer/beamerbasetranslator.sty
(/usr/share/texlive/texmf-dist/tex/latex/translator/translator.sty
Package: translator 2019-05-31 v1.12a Easy translation of strings in LaTeX
))
(/usr/share/texlive/texmf-dist/tex/latex/beamer/beamerbasemisc.sty)
(/usr/share/texlive/texmf-dist/tex/latex/beamer/beamerbasetwoscreens.sty)
(/usr/share/texlive/texmf-dist/tex/latex/beamer/beamerbaseoverlay.sty
\beamer@argscount=\count284
\beamer@lastskipcover=\skip50
\beamer@trivlistdepth=\count285
)
(/usr/share/texlive/texmf-dist/tex/latex/beamer/beamerbasetitle.sty)
(/usr/share/texlive/texmf-dist/tex/latex/beamer/beamerbasesection.sty
\c@lecture=\count286
\c@part=\count287
\c@section=\count288
\c@subsection=\count289
\c@subsubsection=\count290
)
(/usr/share/texlive/texmf-dist/tex/latex/beamer/beamerbaseframe.sty
\beamer@framebox=\box60
\beamer@frametitlebox=\box61
\beamer@zoombox=\box62
\beamer@zoomcount=\count291
\beamer@zoomframecount=\count292
\beamer@frametextheight=\dimen257
\c@subsectionslide=\count293
\beamer@frametopskip=\skip51
\beamer@framebottomskip=\skip52
\beamer@frametopskipautobreak=\skip53
\beamer@framebottomskipautobreak=\skip54
\beamer@envbody=\toks27
\framewidth=\dimen258
\c@framenumber=\count294
)
(/usr/share/texlive/texmf-dist/tex/latex/beamer/beamerbaseverbatim.sty
\beamer@verbatimfileout=\write4
)
(/usr/share/texlive/texmf-dist/tex/latex/beamer/beamerbaseframesize.sty
\beamer@splitbox=\box63
\beamer@autobreakcount=\count295
\beamer@autobreaklastheight=\dimen259
\beamer@frametitletoks=\toks28
\beamer@framesubtitletoks=\toks29
)
(/usr/share/texlive/texmf-dist/tex/latex/beamer/beamerbaseframecomponents.sty
\beamer@footins=\box64
)
(/usr/share/texlive/texmf-dist/tex/latex/beamer/beamerbasecolor.sty)
(/usr/share/texlive/texmf-dist/tex/latex/beamer/beamerbasenotes.sty
\beamer@frameboxcopy=\box65
)
(/usr/share/texlive/texmf-dist/tex/latex/beamer/beamerbasetoc.sty)
(/usr/share/texlive/texmf-dist/tex/latex/beamer/beamerbasetemplates.sty
\beamer@sbttoks=\toks30

(/usr/share/texlive/texmf-dist/tex/latex/beamer/beamerbaseauxtemplates.sty
(/usr/share/texlive/texmf-dist/tex/latex/beamer/beamerbaseboxes.sty
\bmb@box=\box66
\bmb@colorbox=\box67
\bmb@boxshadow=\box68
\bmb@boxshadowball=\box69
\bmb@boxshadowballlarge=\box70
\bmb@temp=\dimen260
\bmb@dima=\dimen261
\bmb@dimb=\dimen262
\bmb@prevheight=\dimen263
)
\beamer@blockheadheight=\dimen264
))
(/usr/share/texlive/texmf-dist/tex/latex/beamer/beamerbaselocalstructure.sty
(/usr/share/texlive/texmf-dist/tex/latex/tools/enumerate.sty
Package: enumerate 2015/07/23 v3.00 enumerate extensions (DPC)
\@enLab=\toks31
)
\c@figure=\count296
\c@table=\count297
\abovecaptionskip=\skip55
\belowcaptionskip=\skip56
)
(/usr/share/texlive/texmf-dist/tex/latex/beamer/beamerbasenavigation.sty
\beamer@section@min@dim=\dimen265
)
(/usr/share/texlive/texmf-dist/tex/latex/beamer/beamerbasetheorems.sty
(/usr/share/texlive/texmf-dist/tex/latex/amsmath/amsmath.sty
Package: amsmath 2020/01/20 v2.17e AMS math features
\@mathmargin=\skip57

For additional information on amsmath, use the `?' option.
(/usr/share/texlive/texmf-dist/tex/latex/amsmath/amstext.sty
Package: amstext 2000/06/29 v2.01 AMS text

(/usr/share/texlive/texmf-dist/tex/latex/amsmath/amsgen.sty
File: amsgen.sty 1999/11/30 v2.0 generic functions
\@emptytoks=\toks32
\ex@=\dimen266
))
(/usr/share/texlive/texmf-dist/tex/latex/amsmath/amsbsy.sty
Package: amsbsy 1999/11/29 v1.2d Bold Symbols
\pmbraise@=\dimen267
)
(/usr/share/texlive/texmf-dist/tex/latex/amsmath/amsopn.sty
Package: amsopn 2016/03/08 v2.02 operator names
)
\inf@bad=\count298
LaTeX Info: Redefining \frac on input line 227.
\uproot@=\count299
\leftroot@=\count300
LaTeX Info: Redefining \overline on input line 389.
\classnum@=\count301
\DOTSCASE@=\count302
LaTeX Info: Redefining \ldots on input line 486.
LaTeX Info: Redefining \dots on input line 489.
LaTeX Info: Redefining \cdots on input line 610.
\Mathstrutbox@=\box71
\strutbox@=\box72
\big@size=\dimen268
LaTeX Font Info:    Redeclaring font encoding OML on input line 733.
LaTeX Font Info:    Redeclaring font encoding OMS on input line 734.
\macc@depth=\count303
\c@MaxMatrixCols=\count304
\dotsspace@=\muskip17
\c@parentequation=\count305
\dspbrk@lvl=\count306
\tag@help=\toks33
\row@=\count307
\column@=\count308
\maxfields@=\count309
\andhelp@=\toks34
\eqnshift@=\dimen269
\alignsep@=\dimen270
\tagshift@=\dimen271
\tagwidth@=\dimen272
\totwidth@=\dimen273
\lineht@=\dimen274
\@envbody=\toks35
\multlinegap=\skip58
\multlinetaggap=\skip59
\mathdisplay@stack=\toks36
LaTeX Info: Redefining \[ on input line 2859.
LaTeX Info: Redefining \] on input line 2860.
)
(/usr/share/texlive/texmf-dist/tex/latex/amscls/amsthm.sty
Package: amsthm 2017/10/31 v2.20.4
\thm@style=\toks37
\thm@bodyfont=\toks38
\thm@headfont=\toks39
\thm@notefont=\toks40
\thm@headpunct=\toks41
\thm@preskip=\skip60
\thm@postskip=\skip61
\thm@headsep=\skip62
\dth@everypar=\toks42
)
\c@theorem=\count310
)
(/usr/share/texlive/texmf-dist/tex/latex/beamer/beamerbasethemes.sty))
(/usr/share/texlive/texmf-dist/tex/latex/beamer/beamerthemedefault.sty
(/usr/share/texlive/texmf-dist/tex/latex/beamer/beamerfontthemedefault.sty)
(/usr/share/texlive/texmf-dist/tex/latex/beamer/beamercolorthemedefault.sty)
(/usr/share/texlive/texmf-dist/tex/latex/beamer/beamerinnerthemedefault.sty
\beamer@dima=\dimen275
\beamer@dimb=\dimen276
)
(/usr/share/texlive/texmf-dist/tex/latex/beamer/beamerouterthemedefault.sty)))
(/usr/share/texlive/texmf-dist/tex/latex/base/inputenc.sty
Package: inputenc 2018/08/11 v1.3c Input encoding file
\inpenc@prehook=\toks43
\inpenc@posthook=\toks44
)
(/usr/share/texlive/texmf-dist/tex/latex/base/fontenc.sty
Package: fontenc 2020/02/11 v2.0o Standard LaTeX package
)
(/usr/share/texmf/tex/latex/lm/lmodern.sty
Package: lmodern 2009/10/30 v1.6 Latin Modern Fonts
LaTeX Font Info:    Overwriting symbol font `operators' in version `normal'
(Font)                  OT1/cmr/m/n --> OT1/lmr/m/n on input line 22.
LaTeX Font Info:    Overwriting symbol font `letters' in version `normal'
(Font)                  OML/cmm/m/it --> OML/lmm/m/it on input line 23.
LaTeX Font Info:    Overwriting symbol font `symbols' in version `normal'
(Font)                  OMS/cmsy/m/n --> OMS/lmsy/m/n on input line 24.
LaTeX Font Info:    Overwriting symbol font `largesymbols' in version `normal'
(Font)                  OMX/cmex/m/n --> OMX/lmex/m/n on input line 25.
LaTeX Font Info:    Overwriting symbol font `operators' in version `bold'
(Font)                  OT1/cmr/bx/n --> OT1/lmr/bx/n on input line 26.
LaTeX Font Info:    Overwriting symbol font `letters' in version `bold'
(Font)                  OML/cmm/b/it --> OML/lmm/b/it on input line 27.
LaTeX Font Info:    Overwriting symbol font `symbols' in version `bold'
(Font)                  OMS/cmsy/b/n --> OMS/lmsy/b/n on input line 28.
LaTeX Font Info:    Overwriting symbol font `largesymbols' in version `bold'
(Font)                  OMX/cmex/m/n --> OMX/lmex/m/n on input line 29.
LaTeX Font Info:    Overwriting math alphabet `\mathbf' in version `normal'
(Font)                  OT1/cmr/bx/n --> OT1/lmr/bx/n on input line 31.
LaTeX Font Info:    Overwriting math alphabet `\mathsf' in version `normal'
(Font)                  OT1/cmss/m/n --> OT1/lmss/m/n on input line 32.
LaTeX Font Info:    Overwriting math alphabet `\mathit' in version `normal'
(Font)                  OT1/cmr/m/it --> OT1/lmr/m/it on input line 33.
LaTeX Font Info:    Overwriting math alphabet `\mathtt' in version `normal'
(Font)                  OT1/cmtt/m/n --> OT1/lmtt/m/n on input line 34.
LaTeX Font Info:    Overwriting math alphabet `\mathbf' in version `bold'
(Font)                  OT1/cmr/bx/n --> OT1/lmr/bx/n on input line 35.
LaTeX Font Info:    Overwriting math alphabet `\mathsf' in version `bold'
(Font)                  OT1/cmss/bx/n --> OT1/lmss/bx/n on input line 36.
LaTeX Font Info:    Overwriting math alphabet `\mathit' in version `bold'
(Font)                  OT1/cmr/bx/it --> OT1/lmr/bx/it on input line 37.
LaTeX Font Info:    Overwriting math alphabet `\mathtt' in version `bold'
(Font)                  OT1/cmtt/m/n --> OT1/lmtt/m/n on input line 38.
)
\c@hypothesis=\count311
\c@notion=\count312

(/usr/share/texlive/texmf-dist/tex/latex/tcolorbox/tcolorbox.sty
Package: tcolorbox 2019/11/15 version 4.22 text color boxes

(/usr/share/texlive/texmf-dist/tex/latex/pgf/basiclayer/pgf.sty
Package: pgf 2020/01/08 v3.1.5b (3.1.5b)

(/usr/share/texlive/texmf-dist/tex/generic/pgf/modules/pgfmoduleshapes.code.tex
File: pgfmoduleshapes.code.tex 2020/01/08 v3.1.5b (3.1.5b)
\pgfnodeparttextbox=\box73
) (/usr/share/texlive/texmf-dist/tex/generic/pgf/modules/pgfmoduleplot.code.tex
File: pgfmoduleplot.code.tex 2020/01/08 v3.1.5b (3.1.5b)
)
(/usr/share/texlive/texmf-dist/tex/latex/pgf/compatibility/pgfcomp-version-0-65
.sty
Package: pgfcomp-version-0-65 2020/01/08 v3.1.5b (3.1.5b)
\pgf@nodesepstart=\dimen277
\pgf@nodesepend=\dimen278
)
(/usr/share/texlive/texmf-dist/tex/latex/pgf/compatibility/pgfcomp-version-1-18
.sty
Package: pgfcomp-version-1-18 2020/01/08 v3.1.5b (3.1.5b)
)) (/usr/share/texlive/texmf-dist/tex/latex/tools/verbatim.sty
Package: verbatim 2019/11/10 v1.5r LaTeX2e package for verbatim enhancements
\every@verbatim=\toks45
\verbatim@line=\toks46
\verbatim@in@stream=\read3
)
(/usr/share/texlive/texmf-dist/tex/latex/environ/environ.sty
Package: environ 2014/05/04 v0.3 A new way to define environments

(/usr/share/texlive/texmf-dist/tex/latex/trimspaces/trimspaces.sty
Package: trimspaces 2009/09/17 v1.1 Trim spaces around a token list
))
\tcb@titlebox=\box74
\tcb@upperbox=\box75
\tcb@lowerbox=\box76
\tcb@phantombox=\box77
\c@tcbbreakpart=\count313
\c@tcblayer=\count314
\tcolorbox@number=\count315
\tcb@temp=\box78
\tcb@temp=\box79
\tcb@temp=\box80
\tcb@temp=\box81
\tcb@out=\write5
\tcb@record@out=\write6
)
(/usr/share/texlive/texmf-dist/tex/latex/pgf/frontendlayer/tikz.sty
(/usr/share/texlive/texmf-dist/tex/latex/pgf/utilities/pgffor.sty
(/usr/share/texlive/texmf-dist/tex/latex/pgf/utilities/pgfkeys.sty
(/usr/share/texlive/texmf-dist/tex/generic/pgf/utilities/pgfkeys.code.tex))
(/usr/share/texlive/texmf-dist/tex/latex/pgf/math/pgfmath.sty
(/usr/share/texlive/texmf-dist/tex/generic/pgf/math/pgfmath.code.tex))
(/usr/share/texlive/texmf-dist/tex/generic/pgf/utilities/pgffor.code.tex
Package: pgffor 2020/01/08 v3.1.5b (3.1.5b)

(/usr/share/texlive/texmf-dist/tex/generic/pgf/math/pgfmath.code.tex)
\pgffor@iter=\dimen279
\pgffor@skip=\dimen280
\pgffor@stack=\toks47
\pgffor@toks=\toks48
))
(/usr/share/texlive/texmf-dist/tex/generic/pgf/frontendlayer/tikz/tikz.code.tex
Package: tikz 2020/01/08 v3.1.5b (3.1.5b)

(/usr/share/texlive/texmf-dist/tex/generic/pgf/libraries/pgflibraryplothandlers
.code.tex
File: pgflibraryplothandlers.code.tex 2020/01/08 v3.1.5b (3.1.5b)
\pgf@plot@mark@count=\count316
\pgfplotmarksize=\dimen281
)
\tikz@lastx=\dimen282
\tikz@lasty=\dimen283
\tikz@lastxsaved=\dimen284
\tikz@lastysaved=\dimen285
\tikz@lastmovetox=\dimen286
\tikz@lastmovetoy=\dimen287
\tikzleveldistance=\dimen288
\tikzsiblingdistance=\dimen289
\tikz@figbox=\box82
\tikz@figbox@bg=\box83
\tikz@tempbox=\box84
\tikz@tempbox@bg=\box85
\tikztreelevel=\count317
\tikznumberofchildren=\count318
\tikznumberofcurrentchild=\count319
\tikz@fig@count=\count320

(/usr/share/texlive/texmf-dist/tex/generic/pgf/modules/pgfmodulematrix.code.tex
File: pgfmodulematrix.code.tex 2020/01/08 v3.1.5b (3.1.5b)
\pgfmatrixcurrentrow=\count321
\pgfmatrixcurrentcolumn=\count322
\pgf@matrix@numberofcolumns=\count323
)
\tikz@expandcount=\count324

(/usr/share/texlive/texmf-dist/tex/generic/pgf/frontendlayer/tikz/libraries/tik
zlibrarytopaths.code.tex
File: tikzlibrarytopaths.code.tex 2020/01/08 v3.1.5b (3.1.5b)
)))
(/usr/share/texlive/texmf-dist/tex/latex/beamer/beamerthemeWarsaw.sty
(/usr/share/texlive/texmf-dist/tex/latex/beamer/beamerinnerthemerounded.sty)
(/usr/share/texlive/texmf-dist/tex/latex/beamer/beamerouterthemeshadow.sty
(/usr/share/texlive/texmf-dist/tex/latex/beamer/beamerouterthemesplit.sty))
(/usr/share/texlive/texmf-dist/tex/latex/beamer/beamercolorthemeorchid.sty)
(/usr/share/texlive/texmf-dist/tex/latex/beamer/beamercolorthemewhale.sty))
(/usr/share/texlive/texmf-dist/tex/latex/l3backend/l3backend-pdfmode.def
File: l3backend-pdfmode.def 2020-02-03 L3 backend support: PDF mode
\l__kernel_color_stack_int=\count325
\l__pdf_internal_box=\box86
)
(./obrona_prezentacja_kuczmarski_tomasz.aux)
\openout1 = `obrona_prezentacja_kuczmarski_tomasz.aux'.

LaTeX Font Info:    Checking defaults for OML/cmm/m/it on input line 53.
LaTeX Font Info:    ... okay on input line 53.
LaTeX Font Info:    Checking defaults for OMS/cmsy/m/n on input line 53.
LaTeX Font Info:    ... okay on input line 53.
LaTeX Font Info:    Checking defaults for OT1/cmr/m/n on input line 53.
LaTeX Font Info:    ... okay on input line 53.
LaTeX Font Info:    Checking defaults for T1/cmr/m/n on input line 53.
LaTeX Font Info:    ... okay on input line 53.
LaTeX Font Info:    Checking defaults for TS1/cmr/m/n on input line 53.
LaTeX Font Info:    ... okay on input line 53.
LaTeX Font Info:    Checking defaults for OMX/cmex/m/n on input line 53.
LaTeX Font Info:    ... okay on input line 53.
LaTeX Font Info:    Checking defaults for U/cmr/m/n on input line 53.
LaTeX Font Info:    ... okay on input line 53.
LaTeX Font Info:    Checking defaults for PD1/pdf/m/n on input line 53.
LaTeX Font Info:    ... okay on input line 53.
LaTeX Font Info:    Trying to load font information for T1+lmss on input line 5
3.

(/usr/share/texmf/tex/latex/lm/t1lmss.fd
File: t1lmss.fd 2009/10/30 v1.6 Font defs for Latin Modern
)
*geometry* driver: auto-detecting
*geometry* detected driver: pdftex
*geometry* verbose mode - [ preamble ] result:
* driver: pdftex
* paper: custom
* layout: <same size as paper>
* layoutoffset:(h,v)=(0.0pt,0.0pt)
* modes: includehead includefoot 
* h-part:(L,W,R)=(28.45274pt, 307.28987pt, 28.45274pt)
* v-part:(T,H,B)=(0.0pt, 273.14662pt, 0.0pt)
* \paperwidth=364.19536pt
* \paperheight=273.14662pt
* \textwidth=307.28987pt
* \textheight=244.6939pt
* \oddsidemargin=-43.81725pt
* \evensidemargin=-43.81725pt
* \topmargin=-72.26999pt
* \headheight=14.22636pt
* \headsep=0.0pt
* \topskip=9.0pt
* \footskip=14.22636pt
* \marginparwidth=4.0pt
* \marginparsep=10.0pt
* \columnsep=10.0pt
* \skip\footins=8.0pt plus 4.0pt minus 2.0pt
* \hoffset=0.0pt
* \voffset=0.0pt
* \mag=1000
* \@twocolumnfalse
* \@twosidefalse
* \@mparswitchfalse
* \@reversemarginfalse
* (1in=72.27pt=25.4mm, 1cm=28.453pt)

(/usr/share/texlive/texmf-dist/tex/context/base/mkii/supp-pdf.mkii
[Loading MPS to PDF converter (version 2006.09.02).]
\scratchcounter=\count326
\scratchdimen=\dimen290
\scratchbox=\box87
\nofMPsegments=\count327
\nofMParguments=\count328
\everyMPshowfont=\toks49
\MPscratchCnt=\count329
\MPscratchDim=\dimen291
\MPnumerator=\count330
\makeMPintoPDFobject=\count331
\everyMPtoPDFconversion=\toks50
) (/usr/share/texlive/texmf-dist/tex/latex/epstopdf-pkg/epstopdf-base.sty
Package: epstopdf-base 2020-01-24 v2.11 Base part for package epstopdf
Package epstopdf-base Info: Redefining graphics rule for `.eps' on input line 4
85.

(/usr/share/texlive/texmf-dist/tex/latex/latexconfig/epstopdf-sys.cfg
File: epstopdf-sys.cfg 2010/07/13 v1.3 Configuration of (r)epstopdf for TeX Liv
e
))
ABD: EveryShipout initializing macros
\AtBeginShipoutBox=\box88
Package hyperref Info: Link coloring OFF on input line 53.

(/usr/share/texlive/texmf-dist/tex/latex/hyperref/nameref.sty
Package: nameref 2019/09/16 v2.46 Cross-referencing by name of section

(/usr/share/texlive/texmf-dist/tex/latex/refcount/refcount.sty
Package: refcount 2019/12/15 v3.6 Data extraction from label references (HO)
)
(/usr/share/texlive/texmf-dist/tex/generic/gettitlestring/gettitlestring.sty
Package: gettitlestring 2019/12/15 v1.6 Cleanup title references (HO)
)
\c@section@level=\count332
)
LaTeX Info: Redefining \ref on input line 53.
LaTeX Info: Redefining \pageref on input line 53.
LaTeX Info: Redefining \nameref on input line 53.

(./obrona_prezentacja_kuczmarski_tomasz.out)
(./obrona_prezentacja_kuczmarski_tomasz.out)
\@outlinefile=\write7
\openout7 = `obrona_prezentacja_kuczmarski_tomasz.out'.

LaTeX Font Info:    Overwriting symbol font `operators' in version `normal'
(Font)                  OT1/lmr/m/n --> OT1/cmss/m/n on input line 53.
LaTeX Font Info:    Overwriting symbol font `operators' in version `bold'
(Font)                  OT1/lmr/bx/n --> OT1/cmss/b/n on input line 53.
LaTeX Font Info:    Overwriting symbol font `operators' in version `normal'
(Font)                  OT1/cmss/m/n --> OT1/lmss/m/n on input line 53.
LaTeX Font Info:    Overwriting symbol font `operators' in version `bold'
(Font)                  OT1/cmss/b/n --> OT1/lmss/b/n on input line 53.
\symnumbers=\mathgroup6
\sympureletters=\mathgroup7
LaTeX Font Info:    Overwriting math alphabet `\mathrm' in version `normal'
(Font)                  OT1/lmss/m/n --> T1/lmr/m/n on input line 53.
LaTeX Font Info:    Redeclaring math alphabet \mathbf on input line 53.
LaTeX Font Info:    Overwriting math alphabet `\mathbf' in version `normal'
(Font)                  OT1/lmr/bx/n --> T1/lmss/b/n on input line 53.
LaTeX Font Info:    Overwriting math alphabet `\mathbf' in version `bold'
(Font)                  OT1/lmr/bx/n --> T1/lmss/b/n on input line 53.
LaTeX Font Info:    Redeclaring math alphabet \mathsf on input line 53.
LaTeX Font Info:    Overwriting math alphabet `\mathsf' in version `normal'
(Font)                  OT1/lmss/m/n --> T1/lmss/m/n on input line 53.
LaTeX Font Info:    Overwriting math alphabet `\mathsf' in version `bold'
(Font)                  OT1/lmss/bx/n --> T1/lmss/m/n on input line 53.
LaTeX Font Info:    Redeclaring math alphabet \mathit on input line 53.
LaTeX Font Info:    Overwriting math alphabet `\mathit' in version `normal'
(Font)                  OT1/lmr/m/it --> T1/lmss/m/it on input line 53.
LaTeX Font Info:    Overwriting math alphabet `\mathit' in version `bold'
(Font)                  OT1/lmr/bx/it --> T1/lmss/m/it on input line 53.
LaTeX Font Info:    Redeclaring math alphabet \mathtt on input line 53.
LaTeX Font Info:    Overwriting math alphabet `\mathtt' in version `normal'
(Font)                  OT1/lmtt/m/n --> T1/lmtt/m/n on input line 53.
LaTeX Font Info:    Overwriting math alphabet `\mathtt' in version `bold'
(Font)                  OT1/lmtt/m/n --> T1/lmtt/m/n on input line 53.
LaTeX Font Info:    Overwriting symbol font `numbers' in version `bold'
(Font)                  T1/lmss/m/n --> T1/lmss/b/n on input line 53.
LaTeX Font Info:    Overwriting symbol font `pureletters' in version `bold'
(Font)                  T1/lmss/m/it --> T1/lmss/b/it on input line 53.
LaTeX Font Info:    Overwriting math alphabet `\mathrm' in version `bold'
(Font)                  OT1/lmss/b/n --> T1/lmr/b/n on input line 53.
LaTeX Font Info:    Overwriting math alphabet `\mathbf' in version `bold'
(Font)                  T1/lmss/b/n --> T1/lmss/b/n on input line 53.
LaTeX Font Info:    Overwriting math alphabet `\mathsf' in version `bold'
(Font)                  T1/lmss/m/n --> T1/lmss/b/n on input line 53.
LaTeX Font Info:    Overwriting math alphabet `\mathit' in version `bold'
(Font)                  T1/lmss/m/it --> T1/lmss/b/it on input line 53.
LaTeX Font Info:    Overwriting math alphabet `\mathtt' in version `bold'
(Font)                  T1/lmtt/m/n --> T1/lmtt/b/n on input line 53.

(/usr/share/texlive/texmf-dist/tex/latex/translator/translator-basic-dictionary
-English.dict
Dictionary: translator-basic-dictionary, Language: English 
)
(/usr/share/texlive/texmf-dist/tex/latex/translator/translator-bibliography-dic
tionary-English.dict
Dictionary: translator-bibliography-dictionary, Language: English 
)
(/usr/share/texlive/texmf-dist/tex/latex/translator/translator-environment-dict
ionary-English.dict
Dictionary: translator-environment-dictionary, Language: English 
)
(/usr/share/texlive/texmf-dist/tex/latex/translator/translator-months-dictionar
y-English.dict
Dictionary: translator-months-dictionary, Language: English 
)
(/usr/share/texlive/texmf-dist/tex/latex/translator/translator-numbers-dictiona
ry-English.dict
Dictionary: translator-numbers-dictionary, Language: English 
)
(/usr/share/texlive/texmf-dist/tex/latex/translator/translator-theorem-dictiona
ry-English.dict
Dictionary: translator-theorem-dictionary, Language: English 
) (./obrona_prezentacja_kuczmarski_tomasz.nav)
Overfull \vbox (1.36163pt too high) detected at line 53
 []


Package hyperref Warning: Option `pdfauthor' has already been used,
(hyperref)                setting the option has no effect on input line 59.

LaTeX Font Info:    Font shape `T1/lmss/m/it' in size <8> not available
(Font)              Font shape `T1/lmss/m/sl' tried instead on input line 72.
LaTeX Font Info:    Font shape `T1/lmss/m/it' in size <5> not available
(Font)              Font shape `T1/lmss/m/sl' tried instead on input line 72.
<res/logo_uam.jpg, id=112, 426.393pt x 497.6994pt>
File: res/logo_uam.jpg Graphic file (type jpg)
<use res/logo_uam.jpg>
Package pdftex.def Info: res/logo_uam.jpg  used on input line 72.
(pdftex.def)             Requested size: 30.73085pt x 35.86774pt.

Overfull \vbox (4.6958pt too high) detected at line 72
 []


Overfull \vbox (1.36163pt too high) has occurred while \output is active []


[1{/var/lib/texmf/fonts/map/pdftex/updmap/pdftex.map}

 <./res/logo_uam.jpg>]
LaTeX Font Info:    Font shape `T1/lmss/m/it' in size <9> not available
(Font)              Font shape `T1/lmss/m/sl' tried instead on input line 91.
LaTeX Font Info:    Trying to load font information for OT1+lmss on input line 
91.

(/usr/share/texmf/tex/latex/lm/ot1lmss.fd
File: ot1lmss.fd 2009/10/30 v1.6 Font defs for Latin Modern
)
LaTeX Font Info:    Trying to load font information for OML+lmm on input line 9
1.

(/usr/share/texmf/tex/latex/lm/omllmm.fd
File: omllmm.fd 2009/10/30 v1.6 Font defs for Latin Modern
)
LaTeX Font Info:    Trying to load font information for OMS+lmsy on input line 
91.

(/usr/share/texmf/tex/latex/lm/omslmsy.fd
File: omslmsy.fd 2009/10/30 v1.6 Font defs for Latin Modern
)
LaTeX Font Info:    Trying to load font information for OMX+lmex on input line 
91.

(/usr/share/texmf/tex/latex/lm/omxlmex.fd
File: omxlmex.fd 2009/10/30 v1.6 Font defs for Latin Modern
)
LaTeX Font Info:    External font `lmex10' loaded for size
(Font)              <9> on input line 91.
LaTeX Font Info:    External font `lmex10' loaded for size
(Font)              <6> on input line 91.
LaTeX Font Info:    External font `lmex10' loaded for size
(Font)              <5> on input line 91.
LaTeX Font Info:    Trying to load font information for U+msa on input line 91.


(/usr/share/texlive/texmf-dist/tex/latex/amsfonts/umsa.fd
File: umsa.fd 2013/01/14 v3.01 AMS symbols A
)
LaTeX Font Info:    Trying to load font information for U+msb on input line 91.


(/usr/share/texlive/texmf-dist/tex/latex/amsfonts/umsb.fd
File: umsb.fd 2013/01/14 v3.01 AMS symbols B
)
LaTeX Font Info:    Font shape `T1/lmss/m/it' in size <6> not available
(Font)              Font shape `T1/lmss/m/sl' tried instead on input line 91.

Overfull \vbox (1.36163pt too high) has occurred while \output is active []


[2

]
Overfull \vbox (1.36163pt too high) has occurred while \output is active []


[3

]
<res/mapping_highlight.png, id=225, 595.22375pt x 475.7775pt>
File: res/mapping_highlight.png Graphic file (type png)
<use res/mapping_highlight.png>
Package pdftex.def Info: res/mapping_highlight.png  used on input line 117.
(pdftex.def)             Requested size: 153.64493pt x 122.80627pt.

Overfull \vbox (1.36163pt too high) has occurred while \output is active []


[4

 <./res/mapping_highlight.png>]
Overfull \vbox (1.36163pt too high) has occurred while \output is active []


[5

]
Overfull \vbox (1.36163pt too high) has occurred while \output is active []


[6

]
LaTeX Font Info:    Trying to load font information for T1+ptm on input line 14
6.
 (/usr/share/texlive/texmf-dist/tex/latex/psnfss/t1ptm.fd
File: t1ptm.fd 2001/06/04 font definitions for T1/ptm.
)

LaTeX Font Warning: Font shape `T1/ptm/m/scit' undefined
(Font)              using `T1/ptm/m/sc' instead on input line 146.


LaTeX Font Warning: Font shape `T1/ptm/m/scit' undefined
(Font)              using `T1/ptm/m/sc' instead on input line 146.


LaTeX Font Warning: Font shape `T1/ptm/m/scit' undefined
(Font)              using `T1/ptm/m/sc' instead on input line 146.


Overfull \vbox (1.36163pt too high) has occurred while \output is active []


[7

]

LaTeX Font Warning: Font shape `T1/ptm/m/scit' undefined
(Font)              using `T1/ptm/m/sc' instead on input line 157.


Overfull \vbox (1.36163pt too high) has occurred while \output is active []


[8

]
<res/background.png, id=413, 1044.90375pt x 623.32875pt>
File: res/background.png Graphic file (type png)
<use res/background.png>
Package pdftex.def Info: res/background.png  used on input line 173.
(pdftex.def)             Requested size: 307.28987pt x 183.30971pt.

Overfull \vbox (1.36163pt too high) has occurred while \output is active []


[9

 <./res/background.png>]
<res/intonation_background_pl.png, id=455, 923.45pt x 551.05875pt>
File: res/intonation_background_pl.png Graphic file (type png)
<use res/intonation_background_pl.png>
Package pdftex.def Info: res/intonation_background_pl.png  used on input line 1
79.
(pdftex.def)             Requested size: 307.28987pt x 183.37187pt.

Overfull \vbox (1.36163pt too high) has occurred while \output is active []


[10

 <./res/intonation_background_pl.png>]
<res/speech_synthesis_clunit_hmm.png, id=493, 1095.09125pt x 798.985pt>
File: res/speech_synthesis_clunit_hmm.png Graphic file (type png)
<use res/speech_synthesis_clunit_hmm.png>
Package pdftex.def Info: res/speech_synthesis_clunit_hmm.png  used on input lin
e 193.
(pdftex.def)             Requested size: 184.3758pt x 134.52115pt.
<res/speech_synthesis_wavenet.png, id=494, 834.11626pt x 282.05376pt>
File: res/speech_synthesis_wavenet.png Graphic file (type png)
<use res/speech_synthesis_wavenet.png>
Package pdftex.def Info: res/speech_synthesis_wavenet.png  used on input line 1
93.
(pdftex.def)             Requested size: 122.91406pt x 41.56168pt.

Overfull \vbox (1.36163pt too high) has occurred while \output is active []


[11

 <./res/speech_synthesis_clunit_hmm.png> <./res/speech_synthesis_wavenet.png>]
<res/wavenet_evaluation.png, id=535, 629.35126pt x 448.67625pt>
File: res/wavenet_evaluation.png Graphic file (type png)
<use res/wavenet_evaluation.png>
Package pdftex.def Info: res/wavenet_evaluation.png  used on input line 217.
(pdftex.def)             Requested size: 122.91406pt x 87.62502pt.
<res/speaker_icon.png, id=536, 362.76706pt x 362.76706pt>
File: res/speaker_icon.png Graphic file (type png)
<use res/speaker_icon.png>
Package pdftex.def Info: res/speaker_icon.png  used on input line 217.
(pdftex.def)             Requested size: 14.22636pt x 14.2259pt.
<res/tcn.png, id=537, 964.60374pt x 934.49126pt>
File: res/tcn.png Graphic file (type png)
<use res/tcn.png>
Package pdftex.def Info: res/tcn.png  used on input line 217.
(pdftex.def)             Requested size: 184.3758pt x 178.61037pt.

Overfull \vbox (1.36163pt too high) has occurred while \output is active []


[12

 <./res/wavenet_evaluation.png> <./res/speaker_icon.png> <./res/tcn.png>]
<res/human_vision.png, id=578, 308.352pt x 108.6459pt>
File: res/human_vision.png Graphic file (type png)
<use res/human_vision.png>
Package pdftex.def Info: res/human_vision.png  used on input line 229.
(pdftex.def)             Requested size: 230.46739pt x 81.20569pt.

Overfull \vbox (1.36163pt too high) has occurred while \output is active []


[13

 <./res/human_vision.png>]
<res/lenet.png, id=619, 204.765pt x 70.1019pt>
File: res/lenet.png Graphic file (type png)
<use res/lenet.png>
Package pdftex.def Info: res/lenet.png  used on input line 242.
(pdftex.def)             Requested size: 307.28987pt x 105.20819pt.
<res/filter_vis.png, id=620, 928.46875pt x 324.21124pt>
File: res/filter_vis.png Graphic file (type png)
<use res/filter_vis.png>
Package pdftex.def Info: res/filter_vis.png  used on input line 242.
(pdftex.def)             Requested size: 184.3758pt x 64.38101pt.

Overfull \vbox (1.66531pt too high) detected at line 242
 []


Overfull \vbox (1.36163pt too high) has occurred while \output is active []


[14

 <./res/lenet.png> <./res/filter_vis.png>]
<res/hubel-experiment-cat.png, id=659, 163.3302pt x 108.1641pt>
File: res/hubel-experiment-cat.png Graphic file (type png)
<use res/hubel-experiment-cat.png>
Package pdftex.def Info: res/hubel-experiment-cat.png  used on input line 281.
(pdftex.def)             Requested size: 115.23369pt x 76.3118pt.
<res/hubel-experiment-cat-2.png, id=660, 623.32875pt x 328.22626pt>
File: res/hubel-experiment-cat-2.png Graphic file (type png)
<use res/hubel-experiment-cat-2.png>
Package pdftex.def Info: res/hubel-experiment-cat-2.png  used on input line 281
.
(pdftex.def)             Requested size: 92.18788pt x 48.54066pt.
<res/simple_cells.png, id=661, 344.9688pt x 220.6644pt>
File: res/simple_cells.png Graphic file (type png)
<use res/simple_cells.png>
Package pdftex.def Info: res/simple_cells.png  used on input line 281.
(pdftex.def)             Requested size: 92.18788pt x 58.96736pt.
<res/complex_cells.png, id=662, 385.44pt x 172.9662pt>
File: res/complex_cells.png Graphic file (type png)
<use res/complex_cells.png>
Package pdftex.def Info: res/complex_cells.png  used on input line 281.
(pdftex.def)             Requested size: 115.23369pt x 51.71078pt.

Overfull \vbox (4.30527pt too high) detected at line 281
 []


Overfull \vbox (1.36163pt too high) has occurred while \output is active []


[15

 <./res/hubel-experiment-cat.png> <./res/hubel-experiment-cat-2.png> <./res/sim
ple_cells.png> <./res/complex_cells.png>]
<res/convolution.png, id=700, 4553.01pt x 1707.37875pt>
File: res/convolution.png Graphic file (type png)
<use res/convolution.png>
Package pdftex.def Info: res/convolution.png  used on input line 318.
(pdftex.def)             Requested size: 115.23369pt x 43.19499pt.
<res/convolution_kernels_examples.png, id=701, 605.26125pt x 256.96pt>
File: res/convolution_kernels_examples.png Graphic file (type png)
<use res/convolution_kernels_examples.png>
Package pdftex.def Info: res/convolution_kernels_examples.png  used on input li
ne 318.
(pdftex.def)             Requested size: 115.23369pt x 48.92093pt.
File: res/simple_cells.png Graphic file (type png)
<use res/simple_cells.png>
Package pdftex.def Info: res/simple_cells.png  used on input line 318.
(pdftex.def)             Requested size: 115.23369pt x 73.71173pt.

Overfull \vbox (1.36163pt too high) has occurred while \output is active []


[16

 <./res/convolution.png> <./res/convolution_kernels_examples.png (PNG copy)>]
<res/max_pooling.png, id=741, 403.5075pt x 162.6075pt>
File: res/max_pooling.png Graphic file (type png)
<use res/max_pooling.png>
Package pdftex.def Info: res/max_pooling.png  used on input line 345.
(pdftex.def)             Requested size: 115.23369pt x 46.4379pt.
File: res/complex_cells.png Graphic file (type png)
<use res/complex_cells.png>
Package pdftex.def Info: res/complex_cells.png  used on input line 345.
(pdftex.def)             Requested size: 115.23369pt x 51.71078pt.

Overfull \vbox (1.36163pt too high) has occurred while \output is active []


[17

 <./res/max_pooling.png>]
<res/simple_cells_auditory_cortes.png, id=779, 60.7068pt x 20.35605pt>
File: res/simple_cells_auditory_cortes.png Graphic file (type png)
<use res/simple_cells_auditory_cortes.png>
Package pdftex.def Info: res/simple_cells_auditory_cortes.png  used on input li
ne 364.
(pdftex.def)             Requested size: 276.559pt x 92.76416pt.

Overfull \vbox (1.36163pt too high) has occurred while \output is active []


[18

 <./res/simple_cells_auditory_cortes.png>]
<res/sensitivity_vs_relevance.png, id=816, 1437.37pt x 1214.5375pt>
File: res/sensitivity_vs_relevance.png Graphic file (type png)
<use res/sensitivity_vs_relevance.png>
Package pdftex.def Info: res/sensitivity_vs_relevance.png  used on input line 3
76.
(pdftex.def)             Requested size: 199.73653pt x 168.75536pt.

Overfull \vbox (1.36163pt too high) has occurred while \output is active []


[19

 <./res/sensitivity_vs_relevance.png>]
<res/dataset_blf.png, id=855, 783.92876pt x 532.99126pt>
File: res/dataset_blf.png Graphic file (type png)
<use res/dataset_blf.png>
Package pdftex.def Info: res/dataset_blf.png  used on input line 393.
(pdftex.def)             Requested size: 245.83282pt x 167.13678pt.

Overfull \vbox (1.36163pt too high) has occurred while \output is active []


Overfull \vbox (1.36163pt too high) has occurred while \output is active []


[20

 <./res/dataset_blf.png>]
<res/dataset_preprocessing.png, id=900, 1546.77875pt x 1018.80624pt>
File: res/dataset_preprocessing.png Graphic file (type png)
<use res/dataset_preprocessing.png>
Package pdftex.def Info: res/dataset_preprocessing.png  used on input line 403.

(pdftex.def)             Requested size: 276.559pt x 182.1491pt.

Overfull \vbox (1.36163pt too high) has occurred while \output is active []


Overfull \vbox (1.36163pt too high) has occurred while \output is active []


[21

 <./res/dataset_preprocessing.png>]
<res/dataset_feature_extraction.png, id=939, 1496.59125pt x 819.06pt>
File: res/dataset_feature_extraction.png Graphic file (type png)
<use res/dataset_feature_extraction.png>
Package pdftex.def Info: res/dataset_feature_extraction.png  used on input line
 413.
(pdftex.def)             Requested size: 307.28987pt x 168.17084pt.

Overfull \vbox (1.36163pt too high) has occurred while \output is active []


Overfull \vbox (1.36163pt too high) has occurred while \output is active []


[22

 <./res/dataset_feature_extraction.png>]
File: res/tcn.png Graphic file (type png)
<use res/tcn.png>
Package pdftex.def Info: res/tcn.png  used on input line 447.
(pdftex.def)             Requested size: 184.3758pt x 178.61037pt.
LaTeX Font Info:    Trying to load font information for T1+lmtt on input line 4
47.

(/usr/share/texmf/tex/latex/lm/t1lmtt.fd
File: t1lmtt.fd 2009/10/30 v1.6 Font defs for Latin Modern
)
Overfull \vbox (1.36163pt too high) has occurred while \output is active []


Overfull \vbox (1.36163pt too high) has occurred while \output is active []


[23

]
<res/cloud_training.png, id=1025, 1121.18875pt x 372.39125pt>
File: res/cloud_training.png Graphic file (type png)
<use res/cloud_training.png>
Package pdftex.def Info: res/cloud_training.png  used on input line 490.
(pdftex.def)             Requested size: 215.10196pt x 71.44261pt.
<res/implementation_framework.png, id=1026, 295.1025pt x 452.69125pt>
File: res/implementation_framework.png Graphic file (type png)
<use res/implementation_framework.png>
Package pdftex.def Info: res/implementation_framework.png  used on input line 4
90.
(pdftex.def)             Requested size: 56.9055pt x 87.29012pt.

Overfull \vbox (1.36163pt too high) has occurred while \output is active []


Overfull \vbox (1.36163pt too high) has occurred while \output is active []


[24

 <./res/cloud_training.png> <./res/implementation_framework.png>]
<res/deep_taylor.png, id=1068, 325.215pt x 305.7021pt>
File: res/deep_taylor.png Graphic file (type png)
<use res/deep_taylor.png>
Package pdftex.def Info: res/deep_taylor.png  used on input line 515.
(pdftex.def)             Requested size: 82.96854pt x 77.98798pt.
<res/inference_and_relevance_analysis.png, id=1070, 1125.20375pt x 878.28125pt>

File: res/inference_and_relevance_analysis.png Graphic file (type png)
<use res/inference_and_relevance_analysis.png>
Package pdftex.def Info: res/inference_and_relevance_analysis.png  used on inpu
t line 515.
(pdftex.def)             Requested size: 215.10196pt x 167.89368pt.
LaTeX Font Info:    External font `lmex10' loaded for size
(Font)              <10.95> on input line 515.
LaTeX Font Info:    External font `lmex10' loaded for size
(Font)              <8> on input line 515.
LaTeX Font Info:    Font shape `T1/lmss/m/it' in size <10.95> not available
(Font)              Font shape `T1/lmss/m/sl' tried instead on input line 515.

Overfull \vbox (1.78723pt too high) detected at line 515
 []


Overfull \vbox (1.36163pt too high) has occurred while \output is active []


Overfull \vbox (1.36163pt too high) has occurred while \output is active []


[25

 <./res/deep_taylor.png> <./res/inference_and_relevance_analysis.png>]
<res/resynthesis.png, id=1112, 1536.74126pt x 830.10126pt>
File: res/resynthesis.png Graphic file (type png)
<use res/resynthesis.png>
Package pdftex.def Info: res/resynthesis.png  used on input line 529.
(pdftex.def)             Requested size: 307.28987pt x 165.97931pt.

Overfull \vbox (1.36163pt too high) has occurred while \output is active []


Overfull \vbox (1.36163pt too high) has occurred while \output is active []


[26

 <./res/resynthesis.png>]
<res/experiment_infra.png, id=1151, 1758.57pt x 1419.3025pt>
File: res/experiment_infra.png Graphic file (type png)
<use res/experiment_infra.png>
Package pdftex.def Info: res/experiment_infra.png  used on input line 551.
(pdftex.def)             Requested size: 153.64493pt x 123.98509pt.
<res/experiment_stack.png, id=1152, 485.815pt x 125.46875pt>
File: res/experiment_stack.png Graphic file (type png)
<use res/experiment_stack.png>
Package pdftex.def Info: res/experiment_stack.png  used on input line 551.
(pdftex.def)             Requested size: 76.82246pt x 19.83992pt.
<res/experiment_diagram.png, id=1153, 864.22874pt x 894.34125pt>
File: res/experiment_diagram.png Graphic file (type png)
<use res/experiment_diagram.png>
Package pdftex.def Info: res/experiment_diagram.png  used on input line 551.
(pdftex.def)             Requested size: 122.9164pt x 127.18567pt.

Overfull \vbox (1.36163pt too high) has occurred while \output is active []


Overfull \vbox (1.36163pt too high) has occurred while \output is active []


[27

 <./res/experiment_infra.png> <./res/experiment_stack.png> <./res/experiment_di
agram.png>]
<res/amu_pl_ilo_BAZA_2006A_zbitki_A0025_simple_pred_freq.png, id=1197, 470.5981
4pt x 369.90195pt>
File: res/amu_pl_ilo_BAZA_2006A_zbitki_A0025_simple_pred_freq.png Graphic file 
(type png)
<use res/amu_pl_ilo_BAZA_2006A_zbitki_A0025_simple_pred_freq.png>
Package pdftex.def Info: res/amu_pl_ilo_BAZA_2006A_zbitki_A0025_simple_pred_fre
q.png  used on input line 565.
(pdftex.def)             Requested size: 215.10196pt x 169.07326pt.

Overfull \vbox (0.19937pt too high) detected at line 565
 []


Overfull \vbox (1.36163pt too high) has occurred while \output is active []


[28

 <./res/amu_pl_ilo_BAZA_2006A_zbitki_A0025_simple_pred_freq.png>]
<res/amu_pl_ilo_BAZA_2006C_C0545_simple_pred_freq.png, id=1232, 470.59814pt x 3
69.90195pt>
File: res/amu_pl_ilo_BAZA_2006C_C0545_simple_pred_freq.png Graphic file (type p
ng)
<use res/amu_pl_ilo_BAZA_2006C_C0545_simple_pred_freq.png>
Package pdftex.def Info: res/amu_pl_ilo_BAZA_2006C_C0545_simple_pred_freq.png  
used on input line 575.
(pdftex.def)             Requested size: 215.10196pt x 169.07326pt.

Overfull \vbox (1.36163pt too high) has occurred while \output is active []


[29

 <./res/amu_pl_ilo_BAZA_2006C_C0545_simple_pred_freq.png>]
<res/amu_pl_ilo_BAZA_2006C_C0221_simple_pred_freq.png, id=1266, 470.59814pt x 3
69.90195pt>
File: res/amu_pl_ilo_BAZA_2006C_C0221_simple_pred_freq.png Graphic file (type p
ng)
<use res/amu_pl_ilo_BAZA_2006C_C0221_simple_pred_freq.png>
Package pdftex.def Info: res/amu_pl_ilo_BAZA_2006C_C0221_simple_pred_freq.png  
used on input line 585.
(pdftex.def)             Requested size: 215.10196pt x 169.07326pt.

Overfull \vbox (1.36163pt too high) has occurred while \output is active []


[30

 <./res/amu_pl_ilo_BAZA_2006C_C0221_simple_pred_freq.png>]
<res/amu_pl_ilo_BAZA_2006C_C0271_simple_pred_freq.png, id=1301, 473.48895pt x 3
69.90195pt>
File: res/amu_pl_ilo_BAZA_2006C_C0271_simple_pred_freq.png Graphic file (type p
ng)
<use res/amu_pl_ilo_BAZA_2006C_C0271_simple_pred_freq.png>
Package pdftex.def Info: res/amu_pl_ilo_BAZA_2006C_C0271_simple_pred_freq.png  
used on input line 595.
(pdftex.def)             Requested size: 215.10196pt x 168.04036pt.

Overfull \vbox (1.36163pt too high) has occurred while \output is active []


[31

 <./res/amu_pl_ilo_BAZA_2006C_C0271_simple_pred_freq.png>]
<res/amu_pl_ilo_BAZA_2006C_C0278_simple_pred_freq.png, id=1336, 470.59814pt x 3
71.58826pt>
File: res/amu_pl_ilo_BAZA_2006C_C0278_simple_pred_freq.png Graphic file (type p
ng)
<use res/amu_pl_ilo_BAZA_2006C_C0278_simple_pred_freq.png>
Package pdftex.def Info: res/amu_pl_ilo_BAZA_2006C_C0278_simple_pred_freq.png  
used on input line 605.
(pdftex.def)             Requested size: 215.10196pt x 169.84402pt.

Overfull \vbox (0.97014pt too high) detected at line 605
 []


Overfull \vbox (1.36163pt too high) has occurred while \output is active []


[32

 <./res/amu_pl_ilo_BAZA_2006C_C0278_simple_pred_freq.png>]
<res/amu_pl_ilo_BAZA_2006C_C0362_simple_pred_freq.png, id=1370, 470.59814pt x 3
69.90195pt>
File: res/amu_pl_ilo_BAZA_2006C_C0362_simple_pred_freq.png Graphic file (type p
ng)
<use res/amu_pl_ilo_BAZA_2006C_C0362_simple_pred_freq.png>
Package pdftex.def Info: res/amu_pl_ilo_BAZA_2006C_C0362_simple_pred_freq.png  
used on input line 615.
(pdftex.def)             Requested size: 215.10196pt x 169.07326pt.

Overfull \vbox (0.19937pt too high) detected at line 615
 []


Overfull \vbox (1.36163pt too high) has occurred while \output is active []


[33

 <./res/amu_pl_ilo_BAZA_2006C_C0362_simple_pred_freq.png>]
<res/amu_pl_ilo_BAZA_2006A_zbitki_A0036_simple_pred_freq.png, id=1405, 470.5981
4pt x 369.90195pt>
File: res/amu_pl_ilo_BAZA_2006A_zbitki_A0036_simple_pred_freq.png Graphic file 
(type png)
<use res/amu_pl_ilo_BAZA_2006A_zbitki_A0036_simple_pred_freq.png>
Package pdftex.def Info: res/amu_pl_ilo_BAZA_2006A_zbitki_A0036_simple_pred_fre
q.png  used on input line 625.
(pdftex.def)             Requested size: 215.10196pt x 169.07326pt.

Overfull \vbox (0.19937pt too high) detected at line 625
 []


Overfull \vbox (1.36163pt too high) has occurred while \output is active []


[34

 <./res/amu_pl_ilo_BAZA_2006A_zbitki_A0036_simple_pred_freq.png>]
<res/amu_pl_ilo_BAZA_2006C_C0160_simple_pred_freq.png, id=1439, 470.59814pt x 3
69.90195pt>
File: res/amu_pl_ilo_BAZA_2006C_C0160_simple_pred_freq.png Graphic file (type p
ng)
<use res/amu_pl_ilo_BAZA_2006C_C0160_simple_pred_freq.png>
Package pdftex.def Info: res/amu_pl_ilo_BAZA_2006C_C0160_simple_pred_freq.png  
used on input line 635.
(pdftex.def)             Requested size: 215.10196pt x 169.07326pt.

Overfull \vbox (1.36163pt too high) has occurred while \output is active []


[35

 <./res/amu_pl_ilo_BAZA_2006C_C0160_simple_pred_freq.png>]
<res/amu_pl_ilo_BAZA_2006D_D1140_simple_pred_freq.png, id=1473, 470.59814pt x 3
69.90195pt>
File: res/amu_pl_ilo_BAZA_2006D_D1140_simple_pred_freq.png Graphic file (type p
ng)
<use res/amu_pl_ilo_BAZA_2006D_D1140_simple_pred_freq.png>
Package pdftex.def Info: res/amu_pl_ilo_BAZA_2006D_D1140_simple_pred_freq.png  
used on input line 645.
(pdftex.def)             Requested size: 215.10196pt x 169.07326pt.

Overfull \vbox (1.36163pt too high) has occurred while \output is active []


[36

 <./res/amu_pl_ilo_BAZA_2006D_D1140_simple_pred_freq.png>]
<res/amu_pl_ilo_BAZA_2006C_C0208_simple_pred_freq.png, id=1508, 475.5366pt x 36
9.90195pt>
File: res/amu_pl_ilo_BAZA_2006C_C0208_simple_pred_freq.png Graphic file (type p
ng)
<use res/amu_pl_ilo_BAZA_2006C_C0208_simple_pred_freq.png>
Package pdftex.def Info: res/amu_pl_ilo_BAZA_2006C_C0208_simple_pred_freq.png  
used on input line 655.
(pdftex.def)             Requested size: 215.10196pt x 167.3179pt.

Overfull \vbox (1.36163pt too high) has occurred while \output is active []


[37

 <./res/amu_pl_ilo_BAZA_2006C_C0208_simple_pred_freq.png>]
<res/MOS-answer.png, id=1543, 462.528pt x 346.896pt>
File: res/MOS-answer.png Graphic file (type png)
<use res/MOS-answer.png>
Package pdftex.def Info: res/MOS-answer.png  used on input line 705.
(pdftex.def)             Requested size: 107.55333pt x 80.66307pt.
<res/MOS_number_of_scores_natural_stimuli.png, id=1544, 618.31pt x 583.17876pt>

File: res/MOS_number_of_scores_natural_stimuli.png Graphic file (type png)
<use res/MOS_number_of_scores_natural_stimuli.png>
Package pdftex.def Info: res/MOS_number_of_scores_natural_stimuli.png  used on 
input line 705.
(pdftex.def)             Requested size: 46.09395pt x 43.46956pt.
<res/MOS_stimulus_type_mean_response_time.png, id=1545, 629.35126pt x 585.18625
pt>
File: res/MOS_stimulus_type_mean_response_time.png Graphic file (type png)
<use res/MOS_stimulus_type_mean_response_time.png>
Package pdftex.def Info: res/MOS_stimulus_type_mean_response_time.png  used on 
input line 705.
(pdftex.def)             Requested size: 46.09395pt x 42.85127pt.
<res/MOS_number_of_scores_synthetic_stimuli.png, id=1546, 618.31pt x 583.17876p
t>
File: res/MOS_number_of_scores_synthetic_stimuli.png Graphic file (type png)
<use res/MOS_number_of_scores_synthetic_stimuli.png>
Package pdftex.def Info: res/MOS_number_of_scores_synthetic_stimuli.png  used o
n input line 705.
(pdftex.def)             Requested size: 46.09395pt x 43.46956pt.

Overfull \vbox (1.8754pt too high) detected at line 705
 []


Overfull \vbox (1.36163pt too high) has occurred while \output is active []


[38

 <./res/MOS-answer.png> <./res/MOS_number_of_scores_natural_stimuli.png> <./res
/MOS_stimulus_type_mean_response_time.png> <./res/MOS_number_of_scores_syntheti
c_stimuli.png>]
<res/MOS_correlation_matrix.png, id=1583, 672.5125pt x 512.91624pt>
File: res/MOS_correlation_matrix.png Graphic file (type png)
<use res/MOS_correlation_matrix.png>
Package pdftex.def Info: res/MOS_correlation_matrix.png  used on input line 715
.
(pdftex.def)             Requested size: 153.64493pt x 117.17778pt.

Overfull \vbox (1.36163pt too high) has occurred while \output is active []


[39

 <./res/MOS_correlation_matrix.png>]

LaTeX Font Warning: Font shape `T1/ptm/m/scit' undefined
(Font)              using `T1/ptm/m/sc' instead on input line 740.


LaTeX Font Warning: Font shape `T1/ptm/m/scit' undefined
(Font)              using `T1/ptm/m/sc' instead on input line 740.

<res/ABX_individual.png, id=1618, 462.528pt x 346.896pt>
File: res/ABX_individual.png Graphic file (type png)
<use res/ABX_individual.png>
Package pdftex.def Info: res/ABX_individual.png  used on input line 740.
(pdftex.def)             Requested size: 153.64493pt x 115.23296pt.
<res/ABX_histogram.png, id=1619, 462.528pt x 346.896pt>
File: res/ABX_histogram.png Graphic file (type png)
<use res/ABX_histogram.png>
Package pdftex.def Info: res/ABX_histogram.png  used on input line 740.
(pdftex.def)             Requested size: 153.64493pt x 115.23296pt.

Overfull \vbox (1.36163pt too high) has occurred while \output is active []


[40

 <./res/ABX_individual.png> <./res/ABX_histogram.png>]
<res/ABX_stimulus_type_correct_answers.png, id=1656, 880.28876pt x 581.17125pt>

File: res/ABX_stimulus_type_correct_answers.png Graphic file (type png)
<use res/ABX_stimulus_type_correct_answers.png>
Package pdftex.def Info: res/ABX_stimulus_type_correct_answers.png  used on inp
ut line 767.
(pdftex.def)             Requested size: 122.91406pt x 81.14171pt.
<res/ABX_stimulus_type_mean_response_time.png, id=1657, 617.30624pt x 584.1825p
t>
File: res/ABX_stimulus_type_mean_response_time.png Graphic file (type png)
<use res/ABX_stimulus_type_mean_response_time.png>
Package pdftex.def Info: res/ABX_stimulus_type_mean_response_time.png  used on 
input line 767.
(pdftex.def)             Requested size: 55.3133pt x 52.34239pt.
<res/ABX_correlation_matrix.png, id=1658, 684.5575pt x 489.83pt>
File: res/ABX_correlation_matrix.png Graphic file (type png)
<use res/ABX_correlation_matrix.png>
Package pdftex.def Info: res/ABX_correlation_matrix.png  used on input line 767
.
(pdftex.def)             Requested size: 110.62659pt x 79.1517pt.

Overfull \vbox (1.23686pt too high) detected at line 767
 []


Overfull \vbox (1.36163pt too high) has occurred while \output is active []


[41

 <./res/ABX_stimulus_type_correct_answers.png> <./res/ABX_stimulus_type_mean_re
sponse_time.png> <./res/ABX_correlation_matrix.png>]
<res/amu_pl_ilo_baza_2006a_zbitki_a0036_zoom.png, id=1694, 1288.815pt x 523.957
5pt>
File: res/amu_pl_ilo_baza_2006a_zbitki_a0036_zoom.png Graphic file (type png)
<use res/amu_pl_ilo_baza_2006a_zbitki_a0036_zoom.png>
Package pdftex.def Info: res/amu_pl_ilo_baza_2006a_zbitki_a0036_zoom.png  used 
on input line 778.
(pdftex.def)             Requested size: 307.28987pt x 124.92888pt.

Overfull \vbox (1.36163pt too high) has occurred while \output is active []


[42

 <./res/amu_pl_ilo_baza_2006a_zbitki_a0036_zoom.png>]
<res/general_feature_categories_amu_pl_ilo_baza_2006a_zbitki_a0036.png, id=1728
, 693.18974pt x 590.9277pt>
File: res/general_feature_categories_amu_pl_ilo_baza_2006a_zbitki_a0036.png Gra
phic file (type png)
<use res/general_feature_categories_amu_pl_ilo_baza_2006a_zbitki_a0036.png>
Package pdftex.def Info: res/general_feature_categories_amu_pl_ilo_baza_2006a_z
bitki_a0036.png  used on input line 792.
(pdftex.def)             Requested size: 245.83282pt x 209.55989pt.

Overfull \vbox (12.186pt too high) detected at line 792
 []


Overfull \vbox (1.36163pt too high) has occurred while \output is active []


[43

 <./res/general_feature_categories_amu_pl_ilo_baza_2006a_zbitki_a0036.png>]
<res/general_feature_categories_amu_pl_ilo_baza_2006d_d0100.png, id=1764, 693.1
8974pt x 585.8688pt>
File: res/general_feature_categories_amu_pl_ilo_baza_2006d_d0100.png Graphic fi
le (type png)
<use res/general_feature_categories_amu_pl_ilo_baza_2006d_d0100.png>
Package pdftex.def Info: res/general_feature_categories_amu_pl_ilo_baza_2006d_d
0100.png  used on input line 806.
(pdftex.def)             Requested size: 245.83282pt x 207.76585pt.

Overfull \vbox (10.39197pt too high) detected at line 806
 []


Overfull \vbox (1.36163pt too high) has occurred while \output is active []


[44

 <./res/general_feature_categories_amu_pl_ilo_baza_2006d_d0100.png>]
<res/linguistic_levels_amu_pl_ilo_baza_2006e_e1014.png, id=1798, 616.58356pt x 
390.4989pt>
File: res/linguistic_levels_amu_pl_ilo_baza_2006e_e1014.png Graphic file (type 
png)
<use res/linguistic_levels_amu_pl_ilo_baza_2006e_e1014.png>
Package pdftex.def Info: res/linguistic_levels_amu_pl_ilo_baza_2006e_e1014.png 
 used on input line 820.
(pdftex.def)             Requested size: 215.10196pt x 136.22977pt.

Overfull \vbox (1.36163pt too high) has occurred while \output is active []


[45

 <./res/linguistic_levels_amu_pl_ilo_baza_2006e_e1014.png>]
<res/relation_types_amu_pl_ilo_baza_2006a_zbitki_a0135.png, id=1832, 647.7801pt
 x 365.6862pt>
File: res/relation_types_amu_pl_ilo_baza_2006a_zbitki_a0135.png Graphic file (t
ype png)
<use res/relation_types_amu_pl_ilo_baza_2006a_zbitki_a0135.png>
Package pdftex.def Info: res/relation_types_amu_pl_ilo_baza_2006a_zbitki_a0135.
png  used on input line 834.
(pdftex.def)             Requested size: 215.10196pt x 121.4301pt.

Overfull \vbox (1.36163pt too high) has occurred while \output is active []


[46

 <./res/relation_types_amu_pl_ilo_baza_2006a_zbitki_a0135.png>]
<res/linguistic_levels_and_relation_types_amu_pl_ilo_baza_2006a_zbitki_a0139.pn
g, id=1867, 673.19505pt x 527.93234pt>
File: res/linguistic_levels_and_relation_types_amu_pl_ilo_baza_2006a_zbitki_a01
39.png Graphic file (type png)
<use res/linguistic_levels_and_relation_types_amu_pl_ilo_baza_2006a_zbitki_a013
9.png>
Package pdftex.def Info: res/linguistic_levels_and_relation_types_amu_pl_ilo_ba
za_2006a_zbitki_a0139.png  used on input line 849.
(pdftex.def)             Requested size: 215.10196pt x 168.68402pt.

Overfull \vbox (1.36163pt too high) has occurred while \output is active []


[47

 <./res/linguistic_levels_and_relation_types_amu_pl_ilo_baza_2006a_zbitki_a0139
.png>]
<res/cumulative_relevance.png, id=1901, 1045.9075pt x 771.88374pt>
File: res/cumulative_relevance.png Graphic file (type png)
<use res/cumulative_relevance.png>
Package pdftex.def Info: res/cumulative_relevance.png  used on input line 857.
(pdftex.def)             Requested size: 245.83282pt x 181.42804pt.

Overfull \vbox (1.36163pt too high) has occurred while \output is active []


[48

 <./res/cumulative_relevance.png>]
<res/feature_relevance_ranking_-_mean_(sum)_-_general_feature_categories.png, i
d=1935, 434.46315pt x 526.8483pt>
File: res/feature_relevance_ranking_-_mean_(sum)_-_general_feature_categories.p
ng Graphic file (type png)
<use res/feature_relevance_ranking_-_mean_(sum)_-_general_feature_categories.pn
g>
Package pdftex.def Info: res/feature_relevance_ranking_-_mean_(sum)_-_general_f
eature_categories.png  used on input line 872.
(pdftex.def)             Requested size: 169.01036pt x 204.94746pt.

Overfull \vbox (7.57358pt too high) detected at line 872
 []


Overfull \vbox (1.36163pt too high) has occurred while \output is active []


[49

 <./res/feature_relevance_ranking_-_mean_(sum)_-_general_feature_categories.png
>]
<res/feature_relevance_ranking_-_mean_(sum)_-_general_feature_categories_-_no_v
uv.png, id=1971, 436.5108pt x 526.8483pt>
File: res/feature_relevance_ranking_-_mean_(sum)_-_general_feature_categories_-
_no_vuv.png Graphic file (type png)
<use res/feature_relevance_ranking_-_mean_(sum)_-_general_feature_categories_-_
no_vuv.png>
Package pdftex.def Info: res/feature_relevance_ranking_-_mean_(sum)_-_general_f
eature_categories_-_no_vuv.png  used on input line 887.
(pdftex.def)             Requested size: 169.01036pt x 203.99083pt.

Overfull \vbox (6.61694pt too high) detected at line 887
 []


Overfull \vbox (1.36163pt too high) has occurred while \output is active []


[50

 <./res/feature_relevance_ranking_-_mean_(sum)_-_general_feature_categories_-_n
o_vuv.png>]
<res/feature_relevance_ranking_-_mean_(sum)_-_detailed_feature_categories_-_no_
vuv.png, id=2005, 574.5465pt x 698.48955pt>
File: res/feature_relevance_ranking_-_mean_(sum)_-_detailed_feature_categories_
-_no_vuv.png Graphic file (type png)
<use res/feature_relevance_ranking_-_mean_(sum)_-_detailed_feature_categories_-
_no_vuv.png>
Package pdftex.def Info: res/feature_relevance_ranking_-_mean_(sum)_-_detailed_
feature_categories_-_no_vuv.png  used on input line 901.
(pdftex.def)             Requested size: 172.08221pt x 209.20743pt.

Overfull \vbox (11.83354pt too high) detected at line 901
 []


Overfull \vbox (1.36163pt too high) has occurred while \output is active []


[51

 <./res/feature_relevance_ranking_-_mean_(sum)_-_detailed_feature_categories_-_
no_vuv.png>]
<res/feature_relevance_ranking_-_mean_(sum)_-_all_feature_categories_-_no_vuv.p
ng, id=2039, 1136.8071pt x 637.78275pt>
File: res/feature_relevance_ranking_-_mean_(sum)_-_all_feature_categories_-_no_
vuv.png Graphic file (type png)
<use res/feature_relevance_ranking_-_mean_(sum)_-_all_feature_categories_-_no_v
uv.png>
Package pdftex.def Info: res/feature_relevance_ranking_-_mean_(sum)_-_all_featu
re_categories_-_no_vuv.png  used on input line 911.
(pdftex.def)             Requested size: 307.28987pt x 172.39827pt.

Overfull \vbox (3.19104pt too high) detected at line 911
 []


Overfull \vbox (1.36163pt too high) has occurred while \output is active []


[52

 <./res/feature_relevance_ranking_-_mean_(sum)_-_all_feature_categories_-_no_vu
v.png>]
<res/feature_relevance_ranking_-_mean_(absolute_sum)_-_general_feature_categori
es_-_no_vuv.png, id=2074, 436.5108pt x 526.8483pt>
File: res/feature_relevance_ranking_-_mean_(absolute_sum)_-_general_feature_cat
egories_-_no_vuv.png Graphic file (type png)
<use res/feature_relevance_ranking_-_mean_(absolute_sum)_-_general_feature_cate
gories_-_no_vuv.png>
Package pdftex.def Info: res/feature_relevance_ranking_-_mean_(absolute_sum)_-_
general_feature_categories_-_no_vuv.png  used on input line 925.
(pdftex.def)             Requested size: 169.01036pt x 203.99083pt.

Overfull \vbox (6.61694pt too high) detected at line 925
 []


Overfull \vbox (1.36163pt too high) has occurred while \output is active []


[53

 <./res/feature_relevance_ranking_-_mean_(absolute_sum)_-_general_feature_categ
ories_-_no_vuv.png>]
<res/feature_relevance_ranking_-_mean_(positive_only_sum)_-_general_feature_cat
egories_-_no_vuv.png, id=2108, 436.5108pt x 530.4618pt>
File: res/feature_relevance_ranking_-_mean_(positive_only_sum)_-_general_featur
e_categories_-_no_vuv.png Graphic file (type png)
<use res/feature_relevance_ranking_-_mean_(positive_only_sum)_-_general_feature
_categories_-_no_vuv.png>
Package pdftex.def Info: res/feature_relevance_ranking_-_mean_(positive_only_su
m)_-_general_feature_categories_-_no_vuv.png  used on input line 939.
(pdftex.def)             Requested size: 169.01036pt x 205.38994pt.

Overfull \vbox (8.01605pt too high) detected at line 939
 []


Overfull \vbox (1.36163pt too high) has occurred while \output is active []


[54

 <./res/feature_relevance_ranking_-_mean_(positive_only_sum)_-_general_feature_
categories_-_no_vuv.png>]
<res/feature_relevance_ranking_-_mean_(negative_only_sum)_-_general_feature_cat
egories_-_no_vuv.png, id=2141, 436.5108pt x 526.8483pt>
File: res/feature_relevance_ranking_-_mean_(negative_only_sum)_-_general_featur
e_categories_-_no_vuv.png Graphic file (type png)
<use res/feature_relevance_ranking_-_mean_(negative_only_sum)_-_general_feature
_categories_-_no_vuv.png>
Package pdftex.def Info: res/feature_relevance_ranking_-_mean_(negative_only_su
m)_-_general_feature_categories_-_no_vuv.png  used on input line 953.
(pdftex.def)             Requested size: 169.01036pt x 203.99083pt.

Overfull \vbox (6.61694pt too high) detected at line 953
 []


Overfull \vbox (1.36163pt too high) has occurred while \output is active []


[55

 <./res/feature_relevance_ranking_-_mean_(negative_only_sum)_-_general_feature_
categories_-_no_vuv.png>]
Overfull \vbox (1.36163pt too high) has occurred while \output is active []


[56

]
<res/inotnation_models_venn.png, id=2208, 773.89125pt x 360.34625pt>
File: res/inotnation_models_venn.png Graphic file (type png)
<use res/inotnation_models_venn.png>
Package pdftex.def Info: res/inotnation_models_venn.png  used on input line 998
.
(pdftex.def)             Requested size: 307.28987pt x 143.08025pt.

Overfull \vbox (1.36163pt too high) has occurred while \output is active []


[57

 <./res/inotnation_models_venn.png>]
<res/dilated_convolutions.png, id=2242, 1231.60126pt x 433.62pt>
File: res/dilated_convolutions.png Graphic file (type png)
<use res/dilated_convolutions.png>
Package pdftex.def Info: res/dilated_convolutions.png  used on input line 1014.

(pdftex.def)             Requested size: 307.28987pt x 108.18639pt.

Overfull \vbox (9.0292pt too high) detected at line 1014
 []


Overfull \vbox (1.36163pt too high) has occurred while \output is active []


[58

 <./res/dilated_convolutions.png>]
<res/residual_blocks.png, id=2277, 651.43375pt x 333.245pt>
File: res/residual_blocks.png Graphic file (type png)
<use res/residual_blocks.png>
Package pdftex.def Info: res/residual_blocks.png  used on input line 1035.
(pdftex.def)             Requested size: 184.3758pt x 94.31985pt.

Overfull \vbox (1.36163pt too high) has occurred while \output is active []


[59

 <./res/residual_blocks.png>]
<res/dataset_structure.png, id=2314, 573.14125pt x 452.69125pt>
File: res/dataset_structure.png Graphic file (type png)
<use res/dataset_structure.png>
Package pdftex.def Info: res/dataset_structure.png  used on input line 1045.
(pdftex.def)             Requested size: 215.10196pt x 169.89694pt.

Overfull \vbox (1.02306pt too high) detected at line 1045
 []


Overfull \vbox (1.36163pt too high) has occurred while \output is active []


[60

 <./res/dataset_structure.png>]
<res/stress_accent_labels.png, id=2348, 1035.87pt x 589.20125pt>
File: res/stress_accent_labels.png Graphic file (type png)
<use res/stress_accent_labels.png>
Package pdftex.def Info: res/stress_accent_labels.png  used on input line 1054.

(pdftex.def)             Requested size: 215.10196pt x 122.34238pt.

Overfull \vbox (1.36163pt too high) has occurred while \output is active []


[61

 <./res/stress_accent_labels.png>]
<res/boundary_tones.png, id=2382, 1076.02pt x 837.1275pt>
File: res/boundary_tones.png Graphic file (type png)
<use res/boundary_tones.png>
Package pdftex.def Info: res/boundary_tones.png  used on input line 1063.
(pdftex.def)             Requested size: 215.10196pt x 167.34589pt.

Overfull \vbox (1.36163pt too high) has occurred while \output is active []


[62

 <./res/boundary_tones.png>]
<res/tonal_accents.png, id=2416, 612.2875pt x 964.60374pt>
File: res/tonal_accents.png Graphic file (type png)
<use res/tonal_accents.png>
Package pdftex.def Info: res/tonal_accents.png  used on input line 1072.
(pdftex.def)             Requested size: 122.91406pt x 193.63853pt.

Overfull \vbox (4.35217pt too high) detected at line 1072
 []


Overfull \vbox (1.36163pt too high) has occurred while \output is active []


[63

 <./res/tonal_accents.png>]
<res/database_structure_explanation.png, id=2450, 884.30376pt x 553.06625pt>
File: res/database_structure_explanation.png Graphic file (type png)
<use res/database_structure_explanation.png>
Package pdftex.def Info: res/database_structure_explanation.png  used on input 
line 1079.
(pdftex.def)             Requested size: 307.28987pt x 192.18362pt.

Overfull \vbox (1.36163pt too high) has occurred while \output is active []


[64

 <./res/database_structure_explanation.png>]
<res/segmental_features.png, id=2484, 937.5025pt x 1706.375pt>
File: res/segmental_features.png Graphic file (type png)
<use res/segmental_features.png>
Package pdftex.def Info: res/segmental_features.png  used on input line 1099.
(pdftex.def)             Requested size: 92.18788pt x 167.7834pt.
<res/suprasegmental_features.png, id=2485, 912.40875pt x 1278.7775pt>
File: res/suprasegmental_features.png Graphic file (type png)
<use res/suprasegmental_features.png>
Package pdftex.def Info: res/suprasegmental_features.png  used on input line 10
99.
(pdftex.def)             Requested size: 122.9164pt x 172.25677pt.

Overfull \vbox (0.99954pt too high) detected at line 1099
 []


Overfull \vbox (1.36163pt too high) has occurred while \output is active []


[65

 <./res/segmental_features.png> <./res/suprasegmental_features.png>]
<res/network_architecture.png, id=2520, 3228.06pt x 5448.355pt>
File: res/network_architecture.png Graphic file (type png)
<use res/network_architecture.png>
Package pdftex.def Info: res/network_architecture.png  used on input line 1103.

(pdftex.def)             Requested size: 122.91406pt x 207.42206pt.

Overfull \vbox (1.36163pt too high) has occurred while \output is active []


[66

 <./res/network_architecture.png>]
File: res/deep_taylor.png Graphic file (type png)
<use res/deep_taylor.png>
Package pdftex.def Info: res/deep_taylor.png  used on input line 1119.
(pdftex.def)             Requested size: 122.91406pt x 115.53827pt.

Overfull \vbox (1.36163pt too high) has occurred while \output is active []


[67

]
\tf@nav=\write8
\openout8 = `obrona_prezentacja_kuczmarski_tomasz.nav'.

\tf@toc=\write9
\openout9 = `obrona_prezentacja_kuczmarski_tomasz.toc'.

\tf@snm=\write10
\openout10 = `obrona_prezentacja_kuczmarski_tomasz.snm'.

Package atveryend Info: Empty hook `BeforeClearDocument' on input line 1122.
Package atveryend Info: Empty hook `AfterLastShipout' on input line 1122.
 (./obrona_prezentacja_kuczmarski_tomasz.aux)
Package atveryend Info: Executing hook `AtVeryEndDocument' on input line 1122.
Package atveryend Info: Executing hook `AtEndAfterFileList' on input line 1122.

Package rerunfilecheck Info: File `obrona_prezentacja_kuczmarski_tomasz.out' ha
s not changed.
(rerunfilecheck)             Checksum: C6B80E73D880A37D569F1C3A0FA1E8BB;1340.
 ) 
Here is how much of TeX's memory you used:
 24144 strings out of 482519
 496217 string characters out of 5951875
 714995 words of memory out of 5000000
 38524 multiletter control sequences out of 15000+600000
 598555 words of font info for 72 fonts, out of 8000000 for 9000
 351 hyphenation exceptions out of 8191
 58i,19n,80p,803b,979s stack positions out of 5000i,500n,10000p,200000b,80000s
{/usr/share/texmf/fonts/enc/dvips/lm/lm-mathsy.enc}{/usr/share/texmf/fonts/en
c/dvips/lm/lm-mathit.enc}{/usr/share/texmf/fonts/enc/dvips/lm/lm-mathex.enc}{/u
sr/share/texmf/fonts/enc/dvips/lm/lm-rm.enc}{/usr/share/texmf/fonts/enc/dvips/l
m/lm-ec.enc}{/usr/share/texlive/texmf-dist/fonts/enc/dvips/base/8r.enc}</usr/sh
are/texmf/fonts/type1/public/lm/lmex10.pfb></usr/share/texmf/fonts/type1/public
/lm/lmmi5.pfb></usr/share/texmf/fonts/type1/public/lm/lmmi6.pfb></usr/share/tex
mf/fonts/type1/public/lm/lmmi9.pfb></usr/share/texmf/fonts/type1/public/lm/lmss
10.pfb></usr/share/texmf/fonts/type1/public/lm/lmss8.pfb></usr/share/texmf/font
s/type1/public/lm/lmss9.pfb></usr/share/texmf/fonts/type1/public/lm/lmssbx10.pf
b></usr/share/texmf/fonts/type1/public/lm/lmsso10.pfb></usr/share/texmf/fonts/t
ype1/public/lm/lmsso8.pfb></usr/share/texmf/fonts/type1/public/lm/lmsso9.pfb></
usr/share/texmf/fonts/type1/public/lm/lmsy5.pfb></usr/share/texmf/fonts/type1/p
ublic/lm/lmsy6.pfb></usr/share/texmf/fonts/type1/public/lm/lmsy9.pfb></usr/shar
e/texmf/fonts/type1/public/lm/lmtt8.pfb></usr/share/texlive/texmf-dist/fonts/ty
pe1/public/amsfonts/symbols/msam7.pfb></usr/share/texlive/texmf-dist/fonts/type
1/urw/times/utmr8a.pfb></usr/share/texlive/texmf-dist/fonts/type1/urw/times/utm
ri8a.pfb>
Output written on obrona_prezentacja_kuczmarski_tomasz.pdf (67 pages, 21034318 
bytes).
PDF statistics:
 2689 PDF objects out of 2984 (max. 8388607)
 2417 compressed objects within 25 object streams
 160 named destinations out of 1000 (max. 500000)
 650 words of extra memory for PDF output out of 10000 (max. 10000000)

